TN:
SF:src\App.jsx
FN:37,App
FNF:1
FNH:1
FNDA:1,App
DA:1,1
DA:2,1
DA:5,1
DA:6,1
DA:7,1
DA:8,1
DA:9,1
DA:12,1
DA:13,1
DA:14,1
DA:15,1
DA:16,1
DA:19,1
DA:20,1
DA:21,1
DA:22,1
DA:23,1
DA:26,1
DA:27,1
DA:28,1
DA:29,1
DA:30,1
DA:31,1
DA:32,1
DA:33,1
DA:34,1
DA:35,1
DA:37,1
DA:38,1
DA:39,1
DA:40,1
DA:41,1
DA:42,1
DA:43,1
DA:44,1
DA:45,1
DA:46,1
DA:47,1
DA:48,1
DA:49,1
DA:50,1
DA:51,1
DA:52,1
DA:53,1
DA:54,1
DA:55,1
DA:56,1
DA:57,1
DA:58,1
DA:59,1
DA:61,1
DA:62,1
DA:63,1
DA:64,1
DA:65,1
DA:66,1
DA:67,1
DA:68,1
DA:69,1
DA:70,1
DA:71,1
DA:72,1
DA:73,1
DA:74,1
DA:75,1
DA:76,1
DA:77,1
DA:78,1
DA:79,1
DA:80,1
DA:81,1
DA:82,1
DA:83,1
DA:84,1
DA:85,1
DA:86,1
DA:87,1
DA:88,1
DA:89,1
DA:90,1
DA:91,1
DA:92,1
DA:93,1
DA:94,1
DA:96,1
DA:97,1
DA:98,1
DA:99,1
DA:100,1
DA:101,1
DA:102,1
DA:103,1
DA:104,1
DA:105,1
DA:106,1
DA:107,1
DA:108,1
DA:109,1
DA:110,1
DA:111,1
DA:112,1
DA:113,1
DA:114,1
DA:115,1
DA:116,1
DA:117,1
DA:118,1
DA:119,1
DA:120,1
DA:121,1
DA:122,1
DA:123,1
DA:124,1
DA:125,1
DA:127,1
DA:129,1
LF:116
LH:116
BRDA:37,0,0,1
BRF:1
BRH:1
end_of_record
TN:
SF:src\firebase.js
FNF:0
FNH:0
DA:1,1
DA:2,1
DA:3,1
DA:4,1
DA:5,1
DA:6,1
DA:7,1
DA:8,1
DA:9,1
DA:10,1
DA:11,1
DA:12,1
DA:13,1
DA:14,1
DA:15,1
DA:16,1
DA:17,1
DA:18,1
DA:19,1
DA:20,1
DA:21,1
DA:22,1
DA:23,1
DA:24,1
DA:25,1
DA:26,1
DA:27,1
DA:28,1
DA:29,1
DA:30,1
DA:31,1
LF:31
LH:31
BRF:0
BRH:0
end_of_record
TN:
SF:src\main.jsx
FN:1,(empty-report)
FNF:1
FNH:0
FNDA:0,(empty-report)
DA:1,0
DA:2,0
DA:3,0
DA:4,0
DA:5,0
DA:6,0
DA:7,0
DA:8,0
DA:9,0
DA:10,0
DA:11,0
LF:11
LH:0
BRDA:1,0,0,0
BRF:1
BRH:0
end_of_record
TN:
SF:src\pages\Home.jsx
FN:8,Home
FN:13,navPlannerDashboard
FN:36,navVendorApply
FN:70,navAdminDashboard
FN:74,navLogout
FNF:5
FNH:4
FNDA:7,Home
FNDA:0,navPlannerDashboard
FNDA:4,navVendorApply
FNDA:1,navAdminDashboard
FNDA:1,navLogout
DA:1,1
DA:2,1
DA:3,1
DA:4,1
DA:6,1
DA:8,7
DA:9,7
DA:10,7
DA:13,7
DA:15,0
DA:16,0
DA:17,0
DA:18,0
DA:19,0
DA:21,0
DA:23,0
DA:24,0
DA:25,0
DA:26,0
DA:27,0
DA:29,0
DA:30,0
DA:31,0
DA:32,0
DA:33,0
DA:35,0
DA:36,7
DA:37,4
DA:38,4
DA:39,0
DA:40,0
DA:41,0
DA:43,4
DA:44,4
DA:45,4
DA:46,4
DA:47,4
DA:48,4
DA:49,4
DA:50,4
DA:52,4
DA:54,4
DA:56,2
DA:57,2
DA:59,1
DA:60,1
DA:62,1
DA:63,1
DA:64,4
DA:65,0
DA:66,0
DA:67,0
DA:68,4
DA:70,7
DA:71,1
DA:72,1
DA:74,7
DA:75,1
DA:76,1
DA:78,7
DA:79,7
DA:80,7
DA:82,7
DA:83,7
DA:84,7
DA:87,7
DA:89,7
DA:90,7
DA:91,7
DA:94,7
DA:95,7
DA:96,7
DA:97,7
DA:98,7
DA:99,7
DA:100,7
DA:102,7
DA:103,7
DA:104,7
DA:106,7
DA:107,7
DA:108,7
DA:109,7
DA:110,7
DA:111,7
DA:114,7
DA:115,7
DA:116,7
DA:117,7
DA:118,7
DA:119,7
DA:120,7
DA:122,7
DA:123,7
DA:124,7
DA:125,7
DA:126,7
DA:127,7
DA:128,7
DA:129,7
DA:132,7
DA:133,7
DA:134,7
DA:135,7
DA:136,7
DA:137,7
DA:138,7
DA:140,7
DA:141,7
DA:142,7
DA:143,7
DA:144,7
DA:145,7
DA:146,7
DA:147,7
DA:148,7
DA:150,7
DA:151,7
DA:152,7
DA:154,7
DA:155,7
DA:156,7
DA:161,7
DA:162,7
DA:166,7
DA:167,7
DA:170,7
DA:171,7
DA:173,7
DA:174,7
DA:175,7
DA:176,7
DA:178,7
LF:133
LH:110
BRDA:8,0,0,7
BRDA:36,1,0,4
BRDA:38,2,0,0
BRDA:54,3,0,3
BRDA:54,4,0,2
BRDA:57,5,0,1
BRDA:64,6,0,0
BRDA:70,7,0,1
BRDA:74,8,0,1
BRF:9
BRH:7
end_of_record
TN:
SF:src\pages\LandingPage.jsx
FN:5,LandingPage
FNF:1
FNH:0
FNDA:0,LandingPage
DA:1,1
DA:2,1
DA:3,1
DA:5,1
DA:6,0
DA:8,0
DA:10,0
DA:11,0
DA:12,0
DA:13,0
DA:14,0
DA:15,0
DA:16,0
DA:17,0
DA:18,0
DA:19,0
DA:20,0
DA:21,0
DA:24,0
DA:25,0
DA:26,0
DA:27,0
DA:28,0
DA:29,0
DA:30,0
DA:31,0
DA:32,0
DA:33,0
DA:36,0
DA:37,0
DA:40,0
DA:41,0
DA:42,0
DA:43,0
DA:44,0
DA:47,0
DA:48,0
DA:49,0
DA:51,0
DA:52,0
DA:54,0
DA:55,0
DA:56,0
DA:57,0
DA:58,0
DA:59,0
DA:60,0
DA:61,0
DA:62,0
DA:63,0
DA:64,0
DA:65,0
DA:66,0
DA:69,0
DA:70,0
DA:71,0
DA:72,0
DA:73,0
DA:74,0
DA:75,0
DA:77,0
DA:78,0
DA:79,0
DA:80,0
DA:81,0
DA:82,0
DA:84,0
DA:85,0
DA:86,0
DA:89,0
DA:90,0
DA:91,0
DA:92,0
DA:93,0
DA:95,0
DA:96,0
DA:98,0
DA:100,0
DA:101,0
DA:102,0
DA:103,0
DA:105,0
DA:106,0
DA:107,0
DA:108,0
DA:109,0
DA:110,0
DA:111,0
DA:112,0
DA:113,0
DA:116,0
DA:117,0
DA:118,0
DA:119,0
DA:121,0
DA:122,0
DA:123,0
DA:124,0
DA:125,0
DA:126,0
DA:127,0
DA:128,0
DA:129,0
DA:132,0
DA:133,0
DA:134,0
DA:135,0
DA:137,0
DA:138,0
DA:139,0
DA:140,0
DA:141,0
DA:142,0
DA:143,0
DA:144,0
DA:145,0
DA:146,0
DA:147,0
DA:148,0
DA:149,0
DA:151,0
DA:153,1
LF:122
LH:5
BRF:0
BRH:0
end_of_record
TN:
SF:src\pages\Login.jsx
FN:13,Login
FNF:1
FNH:0
FNDA:0,Login
DA:1,1
DA:2,1
DA:3,1
DA:4,1
DA:5,1
DA:6,1
DA:8,1
DA:9,1
DA:10,1
DA:11,1
DA:13,0
DA:14,0
DA:15,0
DA:16,0
DA:17,0
DA:18,0
DA:20,0
DA:21,0
DA:22,0
DA:23,0
DA:24,0
DA:26,0
DA:27,0
DA:28,0
DA:29,0
DA:30,0
DA:31,0
DA:32,0
DA:33,0
DA:34,0
DA:35,0
DA:36,0
DA:37,0
DA:38,0
DA:39,0
DA:40,0
DA:41,0
DA:42,0
DA:43,0
DA:44,0
DA:45,0
DA:46,0
DA:47,0
DA:50,0
DA:51,0
DA:52,0
DA:55,0
DA:56,0
DA:57,0
DA:58,0
DA:59,0
DA:60,0
DA:61,0
DA:62,0
DA:63,0
DA:64,0
DA:65,0
DA:66,0
DA:67,0
DA:73,0
DA:74,0
DA:75,0
DA:76,0
DA:77,0
DA:78,0
DA:79,0
DA:80,0
DA:81,0
DA:82,0
DA:85,0
DA:86,0
DA:87,0
DA:90,0
DA:91,0
DA:92,0
DA:93,0
DA:94,0
DA:95,0
DA:96,0
DA:98,0
DA:100,0
DA:101,0
DA:102,0
DA:103,0
DA:104,0
DA:105,0
DA:106,0
DA:107,0
DA:108,0
DA:109,0
DA:110,0
DA:111,0
DA:112,0
DA:113,0
DA:114,0
DA:117,0
DA:118,0
DA:119,0
DA:120,0
DA:121,0
DA:122,0
DA:123,0
DA:124,0
DA:125,0
DA:126,0
DA:127,0
DA:128,0
DA:129,0
DA:130,0
DA:131,0
DA:133,0
DA:135,0
DA:136,0
DA:137,0
DA:138,0
DA:139,0
DA:140,0
DA:141,0
DA:142,0
DA:144,0
DA:147,0
DA:149,0
DA:150,0
DA:152,0
DA:153,0
DA:154,0
DA:155,0
DA:156,0
DA:157,0
DA:159,0
LF:130
LH:10
BRF:0
BRH:0
end_of_record
TN:
SF:src\pages\OutsideLogin.jsx
FN:9,Login
FNF:1
FNH:0
FNDA:0,Login
DA:1,1
DA:2,1
DA:3,1
DA:4,1
DA:5,1
DA:6,1
DA:7,1
DA:9,0
DA:10,0
DA:11,0
DA:13,0
DA:14,0
DA:15,0
DA:16,0
DA:17,0
DA:18,0
DA:20,0
DA:22,0
DA:23,0
DA:24,0
DA:25,0
DA:26,0
DA:27,0
DA:28,0
DA:29,0
DA:30,0
DA:31,0
DA:32,0
DA:33,0
DA:34,0
DA:35,0
DA:36,0
DA:37,0
DA:39,0
DA:40,0
DA:41,0
DA:43,0
DA:44,0
DA:45,0
DA:46,0
DA:47,0
DA:48,0
DA:49,0
DA:50,0
DA:51,0
DA:52,0
DA:55,0
DA:56,0
DA:57,0
DA:58,0
DA:60,0
DA:61,0
DA:62,0
DA:64,0
LF:54
LH:7
BRF:0
BRH:0
end_of_record
TN:
SF:src\pages\Signup.jsx
FN:14,createPlannerAccount
FN:40,Signup
FNF:2
FNH:0
FNDA:0,createPlannerAccount
FNDA:0,Signup
DA:1,1
DA:2,1
DA:3,1
DA:4,1
DA:5,1
DA:6,1
DA:9,1
DA:10,1
DA:11,1
DA:12,1
DA:14,0
DA:16,0
DA:17,0
DA:18,0
DA:19,0
DA:20,0
DA:21,0
DA:22,0
DA:23,0
DA:24,0
DA:26,0
DA:28,0
DA:29,0
DA:30,0
DA:31,0
DA:32,0
DA:33,0
DA:34,0
DA:35,0
DA:36,0
DA:38,0
DA:40,0
DA:41,0
DA:42,0
DA:43,0
DA:44,0
DA:46,0
DA:47,0
DA:48,0
DA:49,0
DA:50,0
DA:53,0
DA:54,0
DA:55,0
DA:56,0
DA:57,0
DA:58,0
DA:59,0
DA:60,0
DA:61,0
DA:62,0
DA:63,0
DA:64,0
DA:65,0
DA:66,0
DA:68,0
DA:69,0
DA:70,0
DA:71,0
DA:72,0
DA:74,0
DA:77,0
DA:78,0
DA:80,0
DA:81,0
DA:82,0
DA:83,0
DA:84,0
DA:85,0
DA:86,0
DA:87,0
DA:88,0
DA:89,0
DA:91,0
DA:92,0
DA:93,0
DA:94,0
DA:95,0
DA:96,0
DA:97,0
DA:98,0
DA:99,0
DA:100,0
DA:101,0
DA:102,0
DA:107,0
DA:108,0
DA:109,0
DA:110,0
DA:111,0
DA:112,0
DA:113,0
DA:114,0
DA:115,0
DA:116,0
DA:117,0
DA:118,0
DA:119,0
DA:120,0
DA:121,0
DA:123,0
DA:124,0
DA:125,0
DA:126,0
DA:127,0
DA:128,0
DA:129,0
DA:130,0
DA:131,0
DA:132,0
DA:133,0
DA:134,0
DA:135,0
DA:137,0
DA:138,0
DA:139,0
DA:140,0
DA:141,0
DA:143,0
DA:144,0
DA:145,0
DA:146,0
DA:147,0
DA:149,0
DA:150,0
DA:151,0
DA:153,0
DA:154,0
DA:155,0
DA:156,0
DA:158,0
LF:131
LH:10
BRF:0
BRH:0
end_of_record
TN:
SF:src\pages\admin\Admin.jsx
FN:21,Admin
FN:35,renderPlaceholderPage
FN:59,renderCurrentPage
FN:98,onClick
FN:119,onClick
FNF:5
FNH:3
FNDA:8,Admin
FNDA:0,renderPlaceholderPage
FNDA:8,renderCurrentPage
FNDA:0,onClick
FNDA:4,onClick
DA:2,1
DA:3,1
DA:4,1
DA:12,1
DA:13,1
DA:14,1
DA:15,1
DA:16,1
DA:17,1
DA:18,1
DA:19,1
DA:21,1
DA:22,8
DA:23,8
DA:25,8
DA:27,8
DA:28,8
DA:29,8
DA:30,8
DA:31,8
DA:32,8
DA:33,8
DA:35,8
DA:36,0
DA:37,0
DA:38,0
DA:39,0
DA:40,0
DA:41,0
DA:42,0
DA:43,0
DA:44,0
DA:45,0
DA:46,0
DA:48,0
DA:49,0
DA:50,0
DA:51,0
DA:52,0
DA:54,0
DA:55,0
DA:56,0
DA:59,8
DA:60,8
DA:61,8
DA:62,5
DA:63,8
DA:64,1
DA:65,8
DA:66,1
DA:67,8
DA:68,1
DA:69,8
DA:70,0
DA:71,0
DA:72,0
DA:73,0
DA:74,0
DA:77,8
DA:78,0
DA:79,0
DA:80,0
DA:81,0
DA:82,0
DA:84,8
DA:85,0
DA:86,8
DA:87,8
DA:89,8
DA:90,8
DA:92,8
DA:93,8
DA:94,8
DA:95,8
DA:96,8
DA:97,8
DA:98,8
DA:100,8
DA:101,8
DA:102,8
DA:104,8
DA:105,8
DA:106,8
DA:107,8
DA:108,8
DA:110,8
DA:111,8
DA:112,40
DA:113,40
DA:114,40
DA:115,40
DA:116,40
DA:117,40
DA:118,40
DA:119,40
DA:121,40
DA:122,40
DA:123,40
DA:125,8
DA:126,8
DA:127,8
DA:128,8
DA:129,8
DA:132,8
DA:133,8
DA:135,8
DA:137,1
LF:107
LH:77
BRDA:21,0,0,8
BRDA:59,1,0,8
BRDA:61,2,0,5
BRDA:63,3,0,1
BRDA:65,4,0,1
BRDA:67,5,0,1
BRDA:69,6,0,0
BRDA:77,7,0,0
BRDA:84,8,0,0
BRDA:111,9,0,40
BRDA:117,10,0,8
BRDA:117,11,0,32
BRDA:119,12,0,4
BRF:13
BRH:10
end_of_record
TN:
SF:src\pages\admin\AdminGate.jsx
FN:6,AdminGate
FN:11,checkAdminProfile
FN:13,user
FNF:3
FNH:3
FNDA:7,AdminGate
FNDA:5,checkAdminProfile
FNDA:5,user
DA:1,1
DA:2,1
DA:3,1
DA:6,7
DA:7,7
DA:8,7
DA:10,7
DA:11,5
DA:13,5
DA:14,5
DA:15,4
DA:16,4
DA:18,5
DA:19,5
DA:21,5
DA:24,1
DA:25,1
DA:26,1
DA:28,3
DA:29,3
DA:30,3
DA:31,3
DA:32,3
DA:33,3
DA:34,3
DA:35,3
DA:37,5
DA:39,1
DA:40,1
DA:42,1
DA:43,1
DA:45,0
DA:46,0
DA:47,0
DA:48,5
DA:49,1
DA:50,1
DA:51,1
DA:52,5
DA:54,5
DA:55,7
DA:58,7
DA:59,5
DA:60,5
DA:61,5
DA:62,5
DA:63,5
DA:65,5
DA:68,2
DA:69,2
LF:50
LH:47
BRDA:6,0,0,7
BRDA:58,1,0,5
BRDA:65,2,0,2
BRDA:10,3,0,5
BRDA:11,4,0,5
BRDA:19,5,0,4
BRDA:21,6,0,1
BRDA:26,7,0,3
BRDA:35,8,0,2
BRDA:37,9,0,1
BRDA:43,10,0,0
BRDA:48,11,0,1
BRDA:13,12,0,5
BRDA:14,13,0,4
BRF:14
BRH:13
end_of_record
TN:
SF:src\pages\admin\adminEventManagement\AdminAllEvents.jsx
FN:5,EventCard
FN:6,formatDate
FN:16,getStatusColor
FN:55,onClick
FN:61,onClick
FN:70,AdminAllEvents
FN:79,fetchAdminEvents
FN:100,deleteEvent
FN:121,loadEvents
FN:154,handleQuickView
FN:173,onChange
FN:178,onChange
FN:193,onClick
FN:201,onClick
FN:209,onClick
FN:217,onClick
FNF:16
FNH:10
FNDA:2,EventCard
FNDA:2,formatDate
FNDA:2,getStatusColor
FNDA:1,onClick
FNDA:1,onClick
FNDA:8,AdminAllEvents
FNDA:4,fetchAdminEvents
FNDA:1,deleteEvent
FNDA:4,loadEvents
FNDA:1,handleQuickView
FNDA:0,onChange
FNDA:0,onChange
FNDA:0,onClick
FNDA:0,onClick
FNDA:0,onClick
FNDA:0,onClick
DA:1,1
DA:2,1
DA:3,1
DA:5,2
DA:6,2
DA:7,2
DA:8,2
DA:9,2
DA:10,2
DA:11,2
DA:12,2
DA:13,2
DA:14,2
DA:16,2
DA:17,2
DA:18,2
DA:19,2
DA:20,2
DA:21,0
DA:22,2
DA:23,0
DA:24,2
DA:25,0
DA:26,2
DA:27,2
DA:29,2
DA:30,2
DA:31,2
DA:32,2
DA:33,2
DA:34,2
DA:35,2
DA:37,2
DA:38,2
DA:39,2
DA:40,2
DA:41,2
DA:42,2
DA:43,2
DA:44,2
DA:45,2
DA:46,2
DA:47,2
DA:48,2
DA:49,2
DA:50,2
DA:51,2
DA:53,2
DA:54,2
DA:55,2
DA:57,2
DA:59,2
DA:60,2
DA:61,2
DA:62,2
DA:64,2
DA:65,2
DA:66,2
DA:68,2
DA:70,8
DA:73,8
DA:74,8
DA:75,8
DA:76,8
DA:77,8
DA:79,8
DA:80,4
DA:81,4
DA:82,4
DA:83,0
DA:84,0
DA:85,0
DA:86,4
DA:88,4
DA:89,4
DA:90,4
DA:91,4
DA:92,4
DA:93,4
DA:94,4
DA:96,4
DA:97,4
DA:98,4
DA:100,8
DA:101,1
DA:102,1
DA:103,1
DA:105,1
DA:106,1
DA:107,1
DA:108,1
DA:109,1
DA:110,1
DA:111,1
DA:113,1
DA:114,1
DA:115,1
DA:116,0
DA:117,0
DA:118,1
DA:120,8
DA:121,4
DA:122,4
DA:123,4
DA:124,4
DA:125,4
DA:126,4
DA:127,4
DA:128,8
DA:130,8
DA:131,8
DA:132,8
DA:133,2
DA:134,0
DA:135,2
DA:136,8
DA:137,8
DA:138,0
DA:139,0
DA:140,0
DA:141,0
DA:142,0
DA:143,0
DA:144,0
DA:145,0
DA:146,0
DA:147,0
DA:148,0
DA:149,0
DA:150,8
DA:154,8
DA:155,1
DA:156,1
DA:157,1
DA:160,8
DA:161,8
DA:162,8
DA:163,8
DA:164,8
DA:165,8
DA:167,8
DA:168,8
DA:169,8
DA:170,8
DA:171,8
DA:172,8
DA:173,8
DA:174,8
DA:175,8
DA:176,8
DA:177,8
DA:178,8
DA:179,8
DA:181,8
DA:182,8
DA:183,8
DA:184,8
DA:185,8
DA:186,8
DA:188,8
DA:189,8
DA:190,8
DA:191,8
DA:192,8
DA:193,8
DA:194,8
DA:196,8
DA:197,8
DA:198,8
DA:199,8
DA:200,8
DA:201,8
DA:202,8
DA:204,8
DA:205,8
DA:206,8
DA:207,8
DA:208,8
DA:209,8
DA:210,8
DA:212,8
DA:213,8
DA:214,8
DA:215,8
DA:216,8
DA:217,8
DA:218,8
DA:220,8
DA:221,8
DA:222,8
DA:224,8
DA:225,8
DA:226,4
DA:227,4
DA:228,4
DA:229,4
DA:230,4
DA:231,2
DA:232,2
DA:233,2
DA:234,2
DA:235,2
DA:236,2
DA:237,2
DA:238,2
DA:240,2
DA:241,2
DA:242,2
DA:244,8
DA:245,8
DA:247,8
LF:211
LH:190
BRDA:5,0,0,2
BRDA:6,1,0,2
BRDA:16,2,0,2
BRDA:20,3,0,0
BRDA:22,4,0,0
BRDA:24,5,0,0
BRDA:55,6,0,1
BRDA:61,7,0,1
BRDA:70,8,0,8
BRDA:191,9,0,0
BRDA:199,10,0,0
BRDA:207,11,0,0
BRDA:215,12,0,0
BRDA:225,13,0,4
BRDA:229,14,0,4
BRDA:230,15,0,2
BRDA:238,16,0,2
BRDA:79,17,0,4
BRDA:82,18,0,0
BRDA:94,19,0,0
BRDA:97,20,0,0
BRDA:100,21,0,1
BRDA:115,22,0,0
BRDA:114,23,0,1
BRDA:114,24,0,1
BRDA:120,25,0,4
BRDA:121,26,0,4
BRDA:132,27,0,2
BRDA:133,28,0,0
BRDA:135,29,0,0
BRDA:154,30,0,1
BRDA:231,31,0,2
BRF:32
BRH:19
end_of_record
TN:
SF:src\pages\admin\adminEventManagement\AdminEventManagement.jsx
FN:4,AdminEventManagement
FNF:1
FNH:1
FNDA:1,AdminEventManagement
DA:1,1
DA:2,1
DA:4,1
DA:5,1
DA:6,1
DA:7,1
DA:8,1
DA:9,1
DA:10,1
DA:12,1
LF:10
LH:10
BRDA:4,0,0,1
BRF:1
BRH:1
end_of_record
TN:
SF:src\pages\admin\adminEventManagement\AdminViewEvent.jsx
FN:7,GuestRSVPSummary
FN:44,VendorItem
FN:60,TaskItem
FN:74,AdminViewEvent
FN:85,fetchGuests
FN:106,fetchVendors
FN:127,fetchServices
FN:147,formatDate
FN:165,onClick
FN:172,onClick
FN:173,onClick
FN:174,onClick
FN:175,onClick
FNF:13
FNH:12
FNDA:2,GuestRSVPSummary
FNDA:1,VendorItem
FNDA:2,TaskItem
FNDA:11,AdminViewEvent
FNDA:6,fetchGuests
FNDA:6,fetchVendors
FNDA:6,fetchServices
FNDA:5,formatDate
FNDA:1,onClick
FNDA:0,onClick
FNDA:1,onClick
FNDA:1,onClick
FNDA:1,onClick
DA:1,1
DA:2,1
DA:3,1
DA:4,1
DA:7,2
DA:8,2
DA:9,2
DA:10,2
DA:11,2
DA:13,2
DA:14,2
DA:15,2
DA:16,2
DA:17,2
DA:18,2
DA:19,2
DA:20,2
DA:21,2
DA:22,2
DA:23,2
DA:24,2
DA:25,2
DA:26,2
DA:27,2
DA:28,2
DA:29,2
DA:30,2
DA:31,2
DA:32,2
DA:33,2
DA:34,2
DA:35,2
DA:36,2
DA:37,2
DA:38,2
DA:39,2
DA:41,2
DA:44,1
DA:45,1
DA:46,1
DA:47,1
DA:48,1
DA:49,1
DA:50,1
DA:51,1
DA:52,1
DA:53,1
DA:54,1
DA:55,1
DA:57,1
DA:60,2
DA:61,2
DA:62,2
DA:63,2
DA:64,2
DA:65,2
DA:66,2
DA:67,2
DA:68,2
DA:69,2
DA:70,2
DA:72,2
DA:74,11
DA:75,11
DA:76,11
DA:77,11
DA:78,11
DA:79,11
DA:81,11
DA:84,11
DA:85,6
DA:86,6
DA:87,5
DA:88,5
DA:89,5
DA:90,5
DA:91,5
DA:92,5
DA:93,5
DA:94,5
DA:95,5
DA:96,5
DA:97,5
DA:98,5
DA:99,6
DA:100,6
DA:101,6
DA:102,11
DA:105,11
DA:106,6
DA:107,6
DA:108,5
DA:109,5
DA:110,5
DA:111,5
DA:112,5
DA:113,5
DA:114,5
DA:115,5
DA:116,5
DA:117,5
DA:118,5
DA:119,5
DA:120,6
DA:121,6
DA:122,6
DA:123,11
DA:126,11
DA:127,6
DA:128,6
DA:129,5
DA:130,5
DA:131,5
DA:132,5
DA:133,5
DA:134,5
DA:135,5
DA:136,5
DA:137,5
DA:138,5
DA:139,5
DA:140,6
DA:141,6
DA:142,6
DA:143,11
DA:145,11
DA:147,10
DA:148,5
DA:149,5
DA:150,0
DA:151,0
DA:152,0
DA:153,5
DA:154,0
DA:155,0
DA:156,5
DA:157,5
DA:158,5
DA:159,0
DA:160,5
DA:162,10
DA:163,10
DA:164,10
DA:165,10
DA:167,10
DA:168,11
DA:169,11
DA:171,11
DA:172,11
DA:173,11
DA:174,11
DA:175,11
DA:176,11
DA:178,11
DA:179,11
DA:180,5
DA:181,5
DA:182,5
DA:183,5
DA:184,5
DA:185,5
DA:186,5
DA:187,5
DA:190,11
DA:191,2
DA:192,2
DA:193,2
DA:194,2
DA:195,2
DA:196,2
DA:197,2
DA:198,2
DA:199,2
DA:200,2
DA:201,2
DA:202,2
DA:203,2
DA:206,11
DA:207,2
DA:208,2
DA:209,1
DA:210,2
DA:211,2
DA:212,1
DA:213,1
DA:214,1
DA:215,1
DA:216,1
DA:217,1
DA:218,1
DA:219,1
DA:221,2
DA:224,11
DA:225,1
DA:226,1
DA:227,1
DA:228,2
DA:229,2
DA:230,2
DA:231,2
DA:232,2
DA:233,1
DA:234,0
DA:235,1
DA:237,11
DA:238,11
DA:240,11
LF:207
LH:200
BRDA:7,0,0,2
BRDA:33,1,0,1
BRDA:33,2,0,1
BRDA:37,3,0,1
BRDA:37,4,0,1
BRDA:9,5,0,2
BRDA:10,6,0,2
BRDA:11,7,0,2
BRDA:44,8,0,1
BRDA:60,9,0,2
BRDA:68,10,0,1
BRDA:68,11,0,1
BRDA:74,12,0,11
BRDA:81,13,0,10
BRDA:145,14,0,1
BRDA:145,15,0,10
BRDA:168,16,0,0
BRDA:172,17,0,5
BRDA:172,18,0,5
BRDA:173,19,0,2
BRDA:173,20,0,8
BRDA:174,21,0,2
BRDA:174,22,0,8
BRDA:175,23,0,1
BRDA:175,24,0,9
BRDA:179,25,0,5
BRDA:185,26,0,0
BRDA:190,27,0,2
BRDA:193,28,0,1
BRDA:202,29,0,1
BRDA:206,30,0,2
BRDA:208,31,0,1
BRDA:210,32,0,1
BRDA:211,33,0,1
BRDA:224,34,0,1
BRDA:233,35,0,0
BRDA:84,36,0,6
BRDA:85,37,0,6
BRDA:86,38,0,1
BRDA:86,39,0,5
BRDA:89,40,0,0
BRDA:89,41,0,5
BRDA:97,42,0,0
BRDA:97,43,0,5
BRDA:99,44,0,1
BRDA:105,45,0,6
BRDA:106,46,0,6
BRDA:107,47,0,1
BRDA:107,48,0,5
BRDA:110,49,0,0
BRDA:110,50,0,5
BRDA:118,51,0,0
BRDA:118,52,0,5
BRDA:120,53,0,0
BRDA:126,54,0,6
BRDA:127,55,0,6
BRDA:128,56,0,1
BRDA:128,57,0,5
BRDA:131,58,0,0
BRDA:131,59,0,5
BRDA:138,60,0,0
BRDA:138,61,0,5
BRDA:140,62,0,0
BRDA:147,63,0,5
BRDA:148,64,0,0
BRDA:149,65,0,0
BRDA:149,66,0,0
BRDA:149,67,0,0
BRDA:153,68,0,0
BRDA:158,69,0,0
BRDA:165,70,0,1
BRDA:165,71,0,0
BRDA:173,72,0,1
BRDA:174,73,0,1
BRDA:175,74,0,1
BRDA:193,75,0,2
BRDA:208,76,0,1
BRDA:214,77,0,1
BRDA:227,78,0,2
BRF:79
BRH:61
end_of_record
TN:
SF:src\pages\admin\adminGeneralComponents\Popup.jsx
FN:4,Popup
FN:10,onClick
FNF:2
FNH:2
FNDA:14,Popup
FNDA:6,onClick
DA:1,1
DA:2,1
DA:4,14
DA:5,14
DA:7,8
DA:8,8
DA:10,8
DA:11,8
DA:13,8
DA:14,8
DA:15,8
DA:16,8
DA:18,8
DA:20,1
LF:14
LH:14
BRDA:4,0,0,14
BRDA:5,1,0,6
BRDA:5,2,0,8
BRDA:10,3,0,6
BRF:4
BRH:4
end_of_record
TN:
SF:src\pages\admin\adminHomeDashboard\AdminHomeDashboard.jsx
FN:4,AdminHomeDashboard
FNF:1
FNH:1
FNDA:1,AdminHomeDashboard
DA:1,1
DA:2,1
DA:4,1
DA:5,1
DA:6,1
DA:8,1
LF:6
LH:6
BRDA:4,0,0,1
BRF:1
BRH:1
end_of_record
TN:
SF:src\pages\admin\adminPlannerManagement\AdminPlannerManagement.jsx
FN:9,PlannerManagement
FN:22,getToken
FN:29,fetchPlanners
FN:64,handleViewDetails
FN:69,handleEdit
FN:73,handleUpdateStatus
FN:104,onChange
FN:109,onChange
FN:139,onClick
FN:150,onClose
FN:182,onClick
FNF:11
FNH:6
FNDA:19,PlannerManagement
FNDA:5,getToken
FNDA:5,fetchPlanners
FNDA:1,handleViewDetails
FNDA:0,handleEdit
FNDA:0,handleUpdateStatus
FNDA:1,onChange
FNDA:0,onChange
FNDA:1,onClick
FNDA:0,onClose
FNDA:0,onClick
DA:1,1
DA:2,1
DA:3,1
DA:4,1
DA:5,1
DA:7,1
DA:9,19
DA:10,19
DA:11,19
DA:12,19
DA:13,19
DA:14,19
DA:17,19
DA:18,19
DA:19,19
DA:20,19
DA:22,19
DA:23,5
DA:24,5
DA:25,0
DA:28,19
DA:29,5
DA:30,5
DA:31,5
DA:32,5
DA:33,5
DA:34,5
DA:35,5
DA:36,5
DA:37,5
DA:38,5
DA:39,5
DA:40,5
DA:41,5
DA:42,0
DA:43,5
DA:44,5
DA:45,5
DA:46,5
DA:47,5
DA:48,19
DA:51,19
DA:52,10
DA:53,10
DA:54,1
DA:55,2
DA:56,1
DA:57,1
DA:58,10
DA:59,0
DA:60,0
DA:61,10
DA:62,19
DA:64,19
DA:65,1
DA:66,1
DA:67,1
DA:69,19
DA:70,0
DA:71,0
DA:73,19
DA:76,0
DA:78,19
DA:79,19
DA:80,10
DA:81,10
DA:82,10
DA:84,9
DA:85,9
DA:86,0
DA:87,0
DA:88,0
DA:91,9
DA:92,9
DA:93,9
DA:94,9
DA:95,9
DA:96,9
DA:97,9
DA:98,9
DA:99,9
DA:100,9
DA:101,9
DA:102,9
DA:103,9
DA:104,9
DA:105,9
DA:106,9
DA:107,9
DA:108,9
DA:109,9
DA:111,9
DA:112,9
DA:113,9
DA:114,9
DA:115,9
DA:116,9
DA:118,9
DA:119,9
DA:120,7
DA:121,13
DA:122,13
DA:123,13
DA:125,13
DA:126,13
DA:127,13
DA:128,13
DA:130,13
DA:131,13
DA:132,13
DA:133,13
DA:135,13
DA:136,13
DA:137,13
DA:138,13
DA:139,13
DA:140,13
DA:142,13
DA:143,13
DA:144,7
DA:146,2
DA:148,19
DA:150,19
DA:151,19
DA:152,1
DA:153,1
DA:154,1
DA:155,1
DA:156,1
DA:157,1
DA:158,1
DA:160,1
DA:161,1
DA:162,1
DA:163,1
DA:164,1
DA:165,1
DA:166,1
DA:167,1
DA:168,1
DA:169,1
DA:170,1
DA:171,1
DA:172,1
DA:173,1
DA:174,1
DA:175,1
DA:176,1
DA:177,1
DA:178,1
DA:179,1
DA:180,1
DA:181,1
DA:182,1
DA:184,1
DA:185,1
DA:186,1
DA:187,1
DA:189,19
DA:190,19
DA:192,19
LF:161
LH:151
BRDA:9,0,0,19
BRDA:79,1,0,10
BRDA:82,2,0,9
BRDA:85,3,0,0
BRDA:88,4,0,9
BRDA:119,5,0,7
BRDA:144,6,0,2
BRDA:151,7,0,1
BRDA:22,8,0,5
BRDA:24,9,0,0
BRDA:28,10,0,5
BRDA:29,11,0,5
BRDA:37,12,0,0
BRDA:41,13,0,0
BRDA:51,14,0,10
BRDA:53,15,0,1
BRDA:58,16,0,0
BRDA:54,17,0,2
BRDA:64,18,0,1
BRDA:104,19,0,1
BRDA:120,20,0,13
BRDA:139,21,0,1
BRF:22
BRH:17
end_of_record
TN:
SF:src\pages\admin\adminProfile\AdminCreateProfile.jsx
FN:6,AdminCreateProfile
FNF:1
FNH:0
FNDA:0,AdminCreateProfile
DA:1,1
DA:2,1
DA:3,1
DA:4,1
DA:6,0
DA:7,0
DA:10,0
DA:11,0
DA:12,0
DA:13,0
DA:14,0
DA:15,0
DA:16,0
DA:19,0
DA:20,0
DA:21,0
DA:22,0
DA:23,0
DA:25,0
DA:26,0
DA:27,0
DA:28,0
DA:30,0
DA:31,0
DA:32,0
DA:33,0
DA:35,0
DA:36,0
DA:38,0
DA:39,0
DA:40,0
DA:41,0
DA:42,0
DA:43,0
DA:44,0
DA:45,0
DA:46,0
DA:47,0
DA:49,0
DA:50,0
DA:51,0
DA:52,0
DA:53,0
DA:54,0
DA:56,0
DA:57,0
DA:58,0
DA:59,0
DA:60,0
DA:61,0
DA:62,0
DA:63,0
DA:64,0
DA:65,0
DA:66,0
DA:68,0
DA:69,0
DA:70,0
DA:72,0
DA:74,0
DA:75,0
DA:76,0
DA:77,0
DA:78,0
DA:79,0
DA:82,0
DA:83,0
DA:84,0
DA:85,0
DA:86,0
DA:87,0
DA:88,0
DA:89,0
DA:90,0
DA:91,0
DA:92,0
DA:93,0
DA:94,0
DA:96,0
DA:97,0
DA:98,0
DA:99,0
DA:100,0
DA:103,0
DA:105,0
DA:106,0
DA:108,0
DA:109,0
DA:111,0
DA:112,0
DA:113,0
DA:114,0
DA:115,0
DA:116,0
DA:117,0
DA:118,0
DA:120,0
DA:122,0
DA:123,0
DA:124,0
DA:125,0
DA:126,0
DA:127,0
DA:128,0
DA:129,0
DA:131,0
DA:133,0
DA:134,0
DA:135,0
DA:136,0
DA:137,0
DA:138,0
DA:139,0
DA:141,0
DA:143,0
DA:144,0
DA:145,0
DA:146,0
DA:147,0
DA:148,0
DA:151,0
DA:152,0
DA:153,0
DA:154,0
DA:157,0
DA:159,0
DA:160,0
DA:161,0
DA:162,0
DA:164,0
LF:130
LH:4
BRF:0
BRH:0
end_of_record
TN:
SF:src\pages\admin\adminProfile\AdminProfile.jsx
FN:9,AdminProfile
FN:15,navProfileEdit
FN:17,fetchAdminProfile
FN:52,handleFocus
FNF:4
FNH:3
FNDA:9,AdminProfile
FNDA:1,navProfileEdit
FNDA:5,fetchAdminProfile
FNDA:0,handleFocus
DA:2,1
DA:3,1
DA:4,1
DA:5,1
DA:6,1
DA:7,1
DA:9,1
DA:10,9
DA:11,9
DA:12,9
DA:13,9
DA:15,9
DA:17,9
DA:18,5
DA:19,5
DA:20,5
DA:21,5
DA:22,5
DA:23,5
DA:24,5
DA:25,5
DA:26,5
DA:27,5
DA:28,5
DA:29,4
DA:30,4
DA:31,4
DA:32,5
DA:33,1
DA:34,5
DA:35,5
DA:36,5
DA:37,5
DA:39,9
DA:40,5
DA:41,5
DA:42,5
DA:43,5
DA:44,0
DA:45,0
DA:46,5
DA:47,5
DA:48,9
DA:51,9
DA:52,5
DA:53,5
DA:54,5
DA:55,9
DA:57,9
DA:58,5
DA:59,5
DA:60,5
DA:61,5
DA:62,5
DA:64,5
DA:66,4
DA:67,4
DA:68,1
DA:70,1
DA:73,3
DA:74,3
DA:76,3
DA:77,3
DA:78,3
DA:79,3
DA:81,3
DA:82,3
DA:83,3
DA:84,3
DA:85,3
DA:86,3
DA:88,3
DA:89,3
DA:90,3
DA:91,3
DA:92,1
DA:93,2
DA:95,9
DA:96,9
DA:99,9
DA:100,9
DA:101,9
DA:102,9
DA:103,9
DA:104,9
DA:105,9
DA:106,9
DA:107,9
DA:108,9
DA:109,9
DA:110,9
DA:111,9
DA:113,9
DA:115,1
LF:94
LH:92
BRDA:9,0,0,9
BRDA:57,1,0,5
BRDA:64,2,0,4
BRDA:67,3,0,1
BRDA:70,4,0,3
BRDA:91,5,0,1
BRDA:92,6,0,2
BRDA:107,7,0,2
BRDA:15,8,0,1
BRDA:17,9,0,5
BRDA:18,10,0,0
BRDA:27,11,0,0
BRDA:27,12,0,4
BRDA:28,13,0,0
BRDA:28,14,0,4
BRDA:32,15,0,1
BRDA:39,16,0,5
BRDA:40,17,0,5
BRDA:43,18,0,0
BRDA:47,19,0,5
BRDA:51,20,0,5
BRDA:54,21,0,5
BRF:22
BRH:18
end_of_record
TN:
SF:src\pages\admin\adminProfile\AdminProfileEdit.jsx
FN:6,AdminProfileEdit
FN:16,navProfile
FN:20,fetchProfile
FN:44,handleSubmit
FN:59,profilePicBase64
FN:112,onChange
FN:122,onChange
FN:131,onChange
FNF:8
FNH:6
FNDA:13,AdminProfileEdit
FNDA:1,navProfile
FNDA:5,fetchProfile
FNDA:1,handleSubmit
FNDA:0,profilePicBase64
FNDA:1,onChange
FNDA:1,onChange
FNDA:0,onChange
DA:1,1
DA:2,1
DA:3,1
DA:4,1
DA:6,13
DA:7,13
DA:9,13
DA:10,13
DA:11,13
DA:12,13
DA:13,13
DA:14,13
DA:16,13
DA:19,13
DA:20,5
DA:21,5
DA:22,5
DA:23,5
DA:24,5
DA:25,5
DA:26,5
DA:27,5
DA:28,5
DA:29,5
DA:30,5
DA:31,3
DA:32,5
DA:33,5
DA:34,5
DA:35,2
DA:36,2
DA:37,5
DA:38,5
DA:39,5
DA:40,5
DA:41,5
DA:42,13
DA:44,13
DA:45,1
DA:46,1
DA:47,1
DA:49,1
DA:50,0
DA:51,0
DA:52,0
DA:54,1
DA:56,1
DA:57,1
DA:58,1
DA:59,0
DA:60,0
DA:61,0
DA:62,0
DA:63,0
DA:64,0
DA:65,0
DA:67,1
DA:68,1
DA:69,1
DA:70,1
DA:71,1
DA:72,1
DA:73,1
DA:74,1
DA:75,1
DA:76,1
DA:77,1
DA:78,1
DA:79,1
DA:80,1
DA:81,1
DA:83,1
DA:84,1
DA:86,1
DA:87,1
DA:88,1
DA:89,0
DA:90,0
DA:91,0
DA:92,1
DA:94,13
DA:96,8
DA:97,8
DA:98,8
DA:99,8
DA:101,8
DA:102,8
DA:103,13
DA:104,13
DA:106,13
DA:107,13
DA:109,13
DA:110,13
DA:111,13
DA:112,13
DA:113,13
DA:114,13
DA:115,13
DA:117,13
DA:119,13
DA:120,13
DA:121,13
DA:122,13
DA:123,13
DA:124,13
DA:126,13
DA:128,13
DA:129,13
DA:130,13
DA:131,13
DA:132,13
DA:133,13
DA:135,13
DA:137,13
DA:138,13
DA:139,13
DA:140,13
DA:142,13
LF:118
LH:105
BRDA:6,0,0,13
BRDA:94,1,0,5
BRDA:94,2,0,8
BRDA:103,3,0,1
BRDA:104,4,0,1
BRDA:16,5,0,1
BRDA:19,6,0,5
BRDA:20,7,0,5
BRDA:21,8,0,0
BRDA:30,9,0,1
BRDA:30,10,0,3
BRDA:32,11,0,0
BRDA:33,12,0,0
BRDA:34,13,0,2
BRDA:44,14,0,1
BRDA:49,15,0,0
BRDA:58,16,0,0
BRDA:84,17,0,0
BRDA:88,18,0,0
BRDA:112,19,0,1
BRDA:122,20,0,1
BRF:21
BRH:14
end_of_record
TN:
SF:src\pages\admin\adminReportsAndAnalytics\AdminReports.jsx
FN:33,KpiCard
FN:42,EventsDetailedCharts
FN:163,VendorsDetailedCharts
FN:267,PlannersDetailedCharts
FN:336,FinancialDetailedCharts
FN:415,AdminReports
FN:430,formatCurrency
FN:440,formatNumber
FN:445,handleExpandReports
FN:491,getToken
FN:497,fetchOnTheFlyReports
FN:661,onClick
FN:698,onClick
FN:735,onClick
FN:775,onClick
FN:789,onClose
FNF:16
FNH:16
FNDA:108,KpiCard
FNDA:1,EventsDetailedCharts
FNDA:1,VendorsDetailedCharts
FNDA:1,PlannersDetailedCharts
FNDA:1,FinancialDetailedCharts
FNDA:11,AdminReports
FNDA:36,formatCurrency
FNDA:63,formatNumber
FNDA:4,handleExpandReports
FNDA:2,getToken
FNDA:2,fetchOnTheFlyReports
FNDA:1,onClick
FNDA:1,onClick
FNDA:1,onClick
FNDA:1,onClick
FNDA:4,onClose
DA:1,1
DA:2,1
DA:19,1
DA:29,1
DA:30,1
DA:31,1
DA:33,1
DA:34,108
DA:35,108
DA:36,108
DA:37,108
DA:38,108
DA:42,1
DA:43,1
DA:44,1
DA:45,1
DA:46,1
DA:47,1
DA:48,1
DA:49,1
DA:51,1
DA:52,1
DA:53,1
DA:54,1
DA:55,1
DA:56,1
DA:57,1
DA:58,1
DA:59,1
DA:60,1
DA:61,1
DA:62,1
DA:63,1
DA:64,1
DA:65,1
DA:66,1
DA:67,1
DA:68,1
DA:69,1
DA:70,1
DA:71,1
DA:72,1
DA:74,1
DA:75,1
DA:76,1
DA:77,1
DA:78,1
DA:79,1
DA:80,1
DA:81,1
DA:82,1
DA:83,1
DA:84,1
DA:85,1
DA:87,1
DA:88,0
DA:89,0
DA:90,0
DA:91,0
DA:92,0
DA:93,0
DA:94,0
DA:95,0
DA:96,0
DA:97,0
DA:99,0
DA:100,1
DA:101,1
DA:102,1
DA:103,1
DA:104,1
DA:105,1
DA:107,1
DA:108,1
DA:109,1
DA:110,1
DA:111,1
DA:112,1
DA:113,1
DA:114,1
DA:115,1
DA:116,1
DA:117,1
DA:118,1
DA:119,1
DA:120,1
DA:121,1
DA:122,1
DA:123,1
DA:124,1
DA:125,1
DA:126,1
DA:128,1
DA:129,1
DA:130,1
DA:131,1
DA:132,1
DA:133,1
DA:134,1
DA:135,1
DA:136,1
DA:137,1
DA:138,1
DA:139,1
DA:140,1
DA:141,1
DA:142,1
DA:143,1
DA:144,1
DA:145,1
DA:146,1
DA:147,1
DA:148,1
DA:149,1
DA:150,1
DA:151,1
DA:152,1
DA:153,1
DA:154,1
DA:155,1
DA:156,1
DA:157,1
DA:158,1
DA:159,1
DA:160,1
DA:163,1
DA:164,1
DA:165,1
DA:167,1
DA:168,1
DA:169,1
DA:170,1
DA:171,1
DA:172,1
DA:173,1
DA:174,1
DA:175,1
DA:176,1
DA:177,0
DA:178,0
DA:179,1
DA:180,1
DA:181,1
DA:182,1
DA:183,1
DA:184,1
DA:185,1
DA:187,1
DA:188,1
DA:189,1
DA:190,1
DA:191,0
DA:192,0
DA:193,0
DA:194,0
DA:195,0
DA:196,0
DA:197,0
DA:198,0
DA:199,0
DA:201,0
DA:202,1
DA:203,1
DA:204,1
DA:205,1
DA:206,1
DA:207,1
DA:209,1
DA:210,1
DA:211,1
DA:212,1
DA:213,1
DA:214,1
DA:215,1
DA:216,1
DA:217,1
DA:218,1
DA:219,1
DA:220,1
DA:221,1
DA:222,1
DA:223,1
DA:225,1
DA:226,1
DA:227,1
DA:228,1
DA:229,1
DA:230,1
DA:231,1
DA:232,1
DA:233,1
DA:234,1
DA:235,1
DA:236,1
DA:237,1
DA:238,1
DA:239,1
DA:240,1
DA:241,1
DA:242,1
DA:243,1
DA:244,1
DA:246,1
DA:247,1
DA:249,1
DA:250,1
DA:251,1
DA:252,1
DA:253,1
DA:254,1
DA:255,1
DA:256,1
DA:257,1
DA:258,1
DA:259,1
DA:260,1
DA:261,1
DA:262,1
DA:263,1
DA:264,1
DA:267,1
DA:268,1
DA:269,1
DA:271,1
DA:272,1
DA:273,1
DA:274,1
DA:275,1
DA:276,1
DA:277,1
DA:278,1
DA:279,1
DA:280,1
DA:281,1
DA:282,1
DA:283,1
DA:284,1
DA:285,1
DA:286,1
DA:287,1
DA:288,1
DA:289,1
DA:290,1
DA:291,1
DA:292,1
DA:293,1
DA:294,1
DA:295,1
DA:297,1
DA:298,1
DA:299,1
DA:300,1
DA:301,1
DA:302,1
DA:303,1
DA:304,1
DA:305,1
DA:306,1
DA:307,1
DA:309,1
DA:310,1
DA:311,1
DA:312,1
DA:313,1
DA:314,1
DA:315,1
DA:316,1
DA:317,1
DA:318,1
DA:319,1
DA:320,1
DA:321,1
DA:322,1
DA:323,1
DA:324,1
DA:325,1
DA:326,1
DA:327,1
DA:328,1
DA:329,1
DA:330,1
DA:331,1
DA:332,1
DA:333,1
DA:336,1
DA:337,1
DA:338,1
DA:340,1
DA:341,1
DA:342,1
DA:343,1
DA:344,1
DA:345,1
DA:346,1
DA:347,1
DA:348,1
DA:349,1
DA:350,1
DA:351,1
DA:352,1
DA:353,1
DA:354,1
DA:355,1
DA:356,1
DA:357,1
DA:358,1
DA:359,1
DA:360,1
DA:361,1
DA:362,1
DA:363,1
DA:364,1
DA:365,1
DA:366,1
DA:367,1
DA:368,1
DA:370,1
DA:371,1
DA:372,1
DA:373,1
DA:374,1
DA:375,1
DA:376,1
DA:377,1
DA:378,1
DA:379,1
DA:380,1
DA:381,1
DA:382,1
DA:383,1
DA:384,1
DA:385,1
DA:386,1
DA:387,1
DA:388,1
DA:389,1
DA:390,1
DA:391,1
DA:392,1
DA:393,1
DA:394,1
DA:395,1
DA:396,1
DA:397,1
DA:398,1
DA:399,1
DA:400,1
DA:401,1
DA:402,1
DA:403,1
DA:404,1
DA:405,1
DA:406,1
DA:407,1
DA:408,1
DA:409,1
DA:410,1
DA:411,1
DA:412,1
DA:415,1
DA:416,11
DA:417,11
DA:418,11
DA:420,11
DA:421,11
DA:422,11
DA:423,11
DA:425,11
DA:426,11
DA:427,11
DA:428,11
DA:430,11
DA:431,36
DA:432,0
DA:433,0
DA:434,0
DA:435,0
DA:436,0
DA:437,0
DA:438,36
DA:440,11
DA:441,63
DA:442,0
DA:443,63
DA:445,11
DA:446,4
DA:447,4
DA:450,4
DA:451,4
DA:452,4
DA:453,1
DA:454,1
DA:455,1
DA:456,1
DA:457,1
DA:458,1
DA:459,1
DA:461,1
DA:462,4
DA:463,1
DA:464,1
DA:465,1
DA:466,1
DA:467,1
DA:469,1
DA:470,4
DA:471,1
DA:472,1
DA:474,1
DA:475,4
DA:476,1
DA:477,1
DA:478,1
DA:479,1
DA:480,1
DA:482,1
DA:483,4
DA:484,0
DA:485,4
DA:487,4
DA:488,4
DA:489,4
DA:491,11
DA:492,2
DA:493,0
DA:494,2
DA:496,11
DA:497,2
DA:498,2
DA:499,2
DA:501,0
DA:502,0
DA:503,0
DA:504,0
DA:505,0
DA:506,0
DA:507,0
DA:508,0
DA:509,0
DA:510,0
DA:511,0
DA:512,0
DA:513,0
DA:514,0
DA:516,0
DA:517,0
DA:518,0
DA:519,0
DA:520,0
DA:521,0
DA:522,0
DA:523,0
DA:525,0
DA:526,0
DA:527,0
DA:529,2
DA:532,2
DA:533,0
DA:534,0
DA:535,0
DA:536,0
DA:538,2
DA:539,0
DA:540,0
DA:541,0
DA:542,0
DA:545,0
DA:546,0
DA:547,0
DA:548,0
DA:550,0
DA:551,0
DA:552,0
DA:553,0
DA:554,0
DA:555,0
DA:556,0
DA:557,0
DA:559,2
DA:560,2
DA:561,0
DA:562,0
DA:564,2
DA:565,2
DA:566,2
DA:567,2
DA:568,2
DA:569,2
DA:570,0
DA:571,0
DA:572,0
DA:573,0
DA:574,0
DA:575,0
DA:576,0
DA:577,0
DA:578,0
DA:579,0
DA:580,0
DA:582,0
DA:583,0
DA:584,0
DA:586,0
DA:587,0
DA:588,0
DA:589,0
DA:590,0
DA:591,0
DA:592,0
DA:593,0
DA:594,0
DA:595,0
DA:596,0
DA:597,0
DA:599,0
DA:600,0
DA:601,0
DA:602,0
DA:604,0
DA:605,0
DA:606,0
DA:607,0
DA:608,0
DA:609,0
DA:610,0
DA:611,2
DA:612,2
DA:613,2
DA:614,2
DA:615,2
DA:616,2
DA:617,2
DA:619,2
DA:620,11
DA:622,11
DA:623,11
DA:625,9
DA:626,9
DA:628,9
DA:630,9
DA:631,9
DA:632,9
DA:633,9
DA:634,9
DA:635,9
DA:636,9
DA:637,9
DA:638,11
DA:639,11
DA:640,11
DA:641,11
DA:642,11
DA:643,11
DA:644,11
DA:645,11
DA:646,0
DA:647,11
DA:648,11
DA:649,11
DA:650,11
DA:651,11
DA:652,11
DA:653,11
DA:654,0
DA:655,11
DA:656,11
DA:657,11
DA:658,11
DA:659,11
DA:660,11
DA:661,11
DA:662,11
DA:663,11
DA:664,11
DA:665,11
DA:668,11
DA:669,11
DA:670,11
DA:671,11
DA:672,11
DA:673,11
DA:674,11
DA:675,11
DA:676,11
DA:677,11
DA:678,11
DA:679,11
DA:680,11
DA:681,11
DA:682,11
DA:683,11
DA:684,0
DA:685,11
DA:686,11
DA:687,11
DA:688,11
DA:689,11
DA:690,11
DA:691,11
DA:692,11
DA:693,11
DA:694,11
DA:695,11
DA:696,11
DA:697,11
DA:698,11
DA:699,11
DA:700,11
DA:701,11
DA:702,11
DA:705,11
DA:706,11
DA:707,11
DA:708,11
DA:709,11
DA:710,11
DA:711,11
DA:712,11
DA:713,11
DA:714,11
DA:715,11
DA:716,11
DA:717,11
DA:718,11
DA:719,11
DA:720,11
DA:721,11
DA:722,11
DA:723,11
DA:724,11
DA:725,11
DA:726,11
DA:727,11
DA:728,11
DA:729,11
DA:730,11
DA:731,11
DA:732,11
DA:733,11
DA:734,11
DA:735,11
DA:736,11
DA:737,11
DA:738,11
DA:739,11
DA:742,11
DA:743,11
DA:744,11
DA:745,11
DA:746,11
DA:747,11
DA:748,11
DA:749,11
DA:750,11
DA:751,0
DA:752,11
DA:753,11
DA:754,11
DA:755,11
DA:756,11
DA:757,11
DA:758,11
DA:759,0
DA:760,11
DA:761,11
DA:762,11
DA:763,11
DA:764,11
DA:765,11
DA:766,11
DA:767,0
DA:768,11
DA:769,11
DA:770,11
DA:771,11
DA:772,11
DA:773,11
DA:774,11
DA:775,11
DA:777,11
DA:778,11
DA:779,11
DA:780,11
DA:781,11
DA:784,11
DA:786,11
DA:789,11
DA:790,11
DA:792,11
DA:793,11
DA:794,11
DA:796,11
DA:798,1
LF:693
LH:571
BRDA:33,0,0,108
BRDA:36,1,0,0
BRDA:42,2,0,1
BRDA:134,3,0,0
BRDA:140,4,0,0
BRDA:152,5,0,0
BRDA:163,6,0,1
BRDA:174,7,0,0
BRDA:188,8,0,0
BRDA:232,9,0,0
BRDA:242,10,0,0
BRDA:256,11,0,0
BRDA:267,12,0,1
BRDA:280,13,0,0
BRDA:286,14,0,0
BRDA:292,15,0,0
BRDA:315,16,0,0
BRDA:321,17,0,0
BRDA:328,18,0,0
BRDA:336,19,0,1
BRDA:380,20,0,0
BRDA:392,21,0,0
BRDA:404,22,0,0
BRDA:415,23,0,11
BRDA:622,24,0,2
BRDA:622,25,0,9
BRDA:623,26,0,0
BRDA:623,27,0,9
BRDA:638,28,0,0
BRDA:645,29,0,0
BRDA:653,30,0,0
BRDA:676,31,0,0
BRDA:683,32,0,0
BRDA:691,33,0,0
BRDA:713,34,0,0
BRDA:720,35,0,0
BRDA:721,36,0,9
BRDA:728,37,0,0
BRDA:750,38,0,0
BRDA:758,39,0,0
BRDA:766,40,0,0
BRDA:430,41,0,36
BRDA:431,42,0,0
BRDA:440,43,0,63
BRDA:441,44,0,0
BRDA:445,45,0,4
BRDA:452,46,0,1
BRDA:462,47,0,1
BRDA:470,48,0,1
BRDA:475,49,0,1
BRDA:483,50,0,0
BRDA:491,51,0,2
BRDA:492,52,0,0
BRDA:496,53,0,2
BRDA:497,54,0,2
BRDA:499,55,0,0
BRDA:532,56,0,0
BRDA:532,57,0,0
BRDA:538,58,0,0
BRDA:552,59,0,0
BRDA:560,60,0,0
BRDA:561,61,0,0
BRDA:569,62,0,0
BRDA:661,63,0,1
BRDA:698,64,0,1
BRDA:735,65,0,1
BRDA:775,66,0,1
BRDA:789,67,0,4
BRF:68
BRH:25
end_of_record
TN:
SF:src\pages\admin\adminVendorManagement\AdminVendorApplications.jsx
FN:6,AdminVendorApplications
FN:18,fetchApplications
FN:42,handleUpdateStatus
FN:68,handleRowClick
FN:93,onClick
FN:108,onClose
FN:151,onClick
FN:162,onClick
FNF:8
FNH:8
FNDA:20,AdminVendorApplications
FNDA:6,fetchApplications
FNDA:2,handleUpdateStatus
FNDA:5,handleRowClick
FNDA:5,onClick
FNDA:1,onClose
FNDA:1,onClick
FNDA:1,onClick
DA:1,1
DA:2,1
DA:3,1
DA:4,1
DA:6,20
DA:7,20
DA:8,20
DA:9,20
DA:13,20
DA:14,20
DA:17,20
DA:18,6
DA:19,6
DA:20,6
DA:21,6
DA:23,6
DA:25,6
DA:26,1
DA:27,1
DA:28,1
DA:29,1
DA:30,5
DA:31,5
DA:32,6
DA:33,1
DA:34,6
DA:35,6
DA:36,6
DA:37,6
DA:38,6
DA:39,20
DA:42,20
DA:43,2
DA:44,2
DA:46,2
DA:47,2
DA:48,2
DA:49,2
DA:50,2
DA:51,2
DA:52,2
DA:54,2
DA:55,0
DA:56,0
DA:59,2
DA:60,2
DA:61,2
DA:62,2
DA:63,0
DA:64,0
DA:65,2
DA:68,20
DA:69,5
DA:70,5
DA:71,5
DA:73,20
DA:74,20
DA:76,13
DA:77,13
DA:78,13
DA:79,13
DA:80,13
DA:81,11
DA:82,11
DA:83,11
DA:84,11
DA:85,11
DA:86,11
DA:87,11
DA:88,11
DA:89,11
DA:90,11
DA:91,20
DA:92,20
DA:93,20
DA:95,20
DA:96,20
DA:97,20
DA:98,20
DA:99,11
DA:100,11
DA:101,11
DA:103,2
DA:105,20
DA:108,20
DA:109,20
DA:110,8
DA:112,8
DA:113,3
DA:114,3
DA:115,3
DA:116,3
DA:117,3
DA:119,5
DA:120,5
DA:121,5
DA:122,5
DA:123,5
DA:127,8
DA:128,8
DA:129,8
DA:130,8
DA:131,8
DA:132,8
DA:133,8
DA:134,8
DA:135,8
DA:136,8
DA:137,8
DA:138,8
DA:139,8
DA:140,8
DA:141,8
DA:142,8
DA:143,8
DA:144,8
DA:145,8
DA:148,8
DA:149,8
DA:150,8
DA:151,8
DA:152,1
DA:153,1
DA:154,1
DA:155,1
DA:157,8
DA:159,8
DA:160,8
DA:161,8
DA:162,8
DA:163,1
DA:164,1
DA:165,1
DA:166,1
DA:168,8
DA:170,8
DA:171,8
DA:172,8
DA:174,20
DA:175,20
DA:177,20
DA:179,1
LF:142
LH:138
BRDA:6,0,0,20
BRDA:73,1,0,6
BRDA:73,2,0,14
BRDA:74,3,0,1
BRDA:74,4,0,13
BRDA:80,5,0,11
BRDA:101,6,0,2
BRDA:109,7,0,8
BRDA:112,8,0,3
BRDA:117,9,0,5
BRDA:17,10,0,6
BRDA:18,11,0,6
BRDA:25,12,0,1
BRDA:29,13,0,5
BRDA:32,14,0,1
BRDA:42,15,0,2
BRDA:54,16,0,0
BRDA:62,17,0,0
BRDA:59,18,0,2
BRDA:60,19,0,3
BRDA:68,20,0,5
BRDA:90,21,0,20
BRDA:93,22,0,5
BRDA:108,23,0,1
BRDA:151,24,0,1
BRDA:162,25,0,1
BRF:26
BRH:24
end_of_record
TN:
SF:src\pages\admin\adminVendorManagement\AdminVendorManagement.jsx
FN:9,AdminVendorManagement
FNF:1
FNH:0
FNDA:0,AdminVendorManagement
DA:1,1
DA:2,1
DA:3,1
DA:4,1
DA:5,1
DA:6,1
DA:7,1
DA:9,0
DA:10,0
DA:11,0
DA:12,0
DA:13,0
DA:14,0
DA:17,0
DA:18,0
DA:19,0
DA:20,0
DA:22,0
DA:23,0
DA:24,0
DA:25,0
DA:30,0
DA:31,0
DA:32,0
DA:33,0
DA:34,0
DA:35,0
DA:36,0
DA:37,0
DA:38,0
DA:39,0
DA:40,0
DA:41,0
DA:42,0
DA:43,0
DA:44,0
DA:45,0
DA:46,0
DA:47,0
DA:48,0
DA:49,0
DA:50,0
DA:53,0
DA:54,0
DA:56,0
DA:57,0
DA:58,0
DA:59,0
DA:60,0
DA:62,0
DA:63,0
DA:64,0
DA:66,0
DA:67,0
DA:69,0
DA:70,0
DA:71,0
DA:72,0
DA:74,0
DA:77,0
DA:78,0
DA:80,0
DA:81,0
DA:82,0
DA:83,0
DA:85,0
DA:86,0
DA:87,0
DA:88,0
DA:89,0
DA:91,0
DA:92,0
DA:93,0
DA:94,0
DA:95,0
DA:98,0
DA:99,0
DA:100,0
DA:101,0
DA:102,0
DA:103,0
DA:104,0
DA:105,0
DA:106,0
DA:107,0
DA:108,0
DA:109,0
DA:110,0
DA:111,0
DA:112,0
DA:113,0
DA:114,0
DA:116,0
DA:117,0
DA:118,0
DA:119,0
DA:120,0
DA:121,0
DA:122,0
DA:124,0
DA:125,0
DA:126,0
DA:127,0
DA:128,0
DA:129,0
DA:131,0
DA:132,0
DA:133,0
DA:134,0
DA:135,0
DA:137,0
DA:138,0
DA:139,0
DA:140,0
DA:141,0
DA:142,0
DA:143,0
DA:144,0
DA:145,0
DA:146,0
DA:147,0
DA:148,0
DA:149,0
DA:151,0
DA:152,0
DA:153,0
DA:155,0
DA:157,0
DA:159,0
DA:160,0
DA:161,0
DA:162,0
DA:163,0
DA:164,0
DA:165,0
DA:166,0
DA:168,0
DA:169,0
DA:170,0
DA:171,0
DA:172,0
DA:173,0
DA:174,0
DA:175,0
DA:176,0
DA:177,0
DA:178,0
DA:179,0
DA:180,0
DA:181,0
DA:182,0
DA:183,0
DA:184,0
DA:185,0
DA:186,0
DA:187,0
DA:188,0
DA:189,0
DA:190,0
DA:191,0
DA:192,0
DA:193,0
DA:194,0
DA:195,0
DA:196,0
DA:197,0
DA:198,0
DA:199,0
DA:200,0
DA:202,0
DA:203,0
DA:204,0
DA:205,0
DA:207,0
DA:208,0
DA:210,0
DA:212,1
LF:177
LH:8
BRF:0
BRH:0
end_of_record
TN:
SF:src\pages\planner\ChatComponent.jsx
FN:6,ChatComponent
FN:12,formatDate
FN:22,fetchMessages
FN:43,sendMessage
FN:63,scrollToBottom
FN:67,loadMessages
FN:76,handleSendMessage
FN:100,getMessageStatus
FN:127,onClick
FN:183,onChange
FN:187,onKeyDown
FNF:11
FNH:11
FNDA:34,ChatComponent
FNDA:16,formatDate
FNDA:19,fetchMessages
FNDA:3,sendMessage
FNDA:29,scrollToBottom
FNDA:19,loadMessages
FNDA:3,handleSendMessage
FNDA:5,getMessageStatus
FNDA:3,onClick
FNDA:5,onChange
FNDA:2,onKeyDown
DA:1,1
DA:2,1
DA:3,1
DA:4,1
DA:6,1
DA:7,34
DA:8,34
DA:9,34
DA:10,34
DA:12,34
DA:13,16
DA:14,16
DA:15,16
DA:16,16
DA:17,0
DA:18,0
DA:19,0
DA:20,16
DA:22,34
DA:23,19
DA:24,19
DA:25,19
DA:26,19
DA:28,19
DA:29,19
DA:30,19
DA:31,19
DA:33,19
DA:34,18
DA:35,18
DA:36,19
DA:37,1
DA:38,1
DA:39,1
DA:40,1
DA:41,19
DA:43,34
DA:45,3
DA:46,3
DA:47,3
DA:48,3
DA:50,3
DA:51,3
DA:52,3
DA:53,3
DA:54,3
DA:56,3
DA:57,3
DA:58,1
DA:59,1
DA:61,3
DA:63,34
DA:64,29
DA:65,29
DA:67,34
DA:68,19
DA:69,19
DA:70,15
DA:71,19
DA:73,34
DA:74,34
DA:76,34
DA:77,3
DA:78,3
DA:80,3
DA:81,3
DA:82,3
DA:83,3
DA:84,3
DA:85,3
DA:86,3
DA:87,3
DA:89,3
DA:90,3
DA:91,3
DA:93,3
DA:94,0
DA:95,0
DA:96,0
DA:97,3
DA:98,3
DA:100,34
DA:101,5
DA:102,5
DA:103,5
DA:104,5
DA:105,5
DA:106,5
DA:107,5
DA:109,34
DA:110,34
DA:111,34
DA:112,34
DA:113,34
DA:114,34
DA:115,34
DA:116,34
DA:117,34
DA:118,34
DA:119,34
DA:120,34
DA:121,34
DA:122,34
DA:123,34
DA:124,34
DA:125,34
DA:126,34
DA:127,34
DA:128,34
DA:129,34
DA:130,34
DA:131,34
DA:133,34
DA:134,34
DA:135,34
DA:136,8
DA:137,8
DA:138,8
DA:139,8
DA:140,8
DA:141,8
DA:142,8
DA:144,8
DA:145,8
DA:146,8
DA:147,8
DA:148,8
DA:149,8
DA:150,8
DA:151,8
DA:152,8
DA:153,8
DA:154,5
DA:155,5
DA:156,5
DA:158,8
DA:159,8
DA:161,34
DA:163,34
DA:164,0
DA:165,0
DA:166,0
DA:167,0
DA:168,0
DA:169,0
DA:170,0
DA:171,0
DA:174,34
DA:175,34
DA:176,34
DA:178,34
DA:179,34
DA:180,34
DA:181,34
DA:182,34
DA:183,34
DA:184,34
DA:185,34
DA:186,34
DA:187,34
DA:188,34
DA:189,34
DA:190,34
DA:191,34
DA:192,34
DA:193,34
DA:194,34
DA:195,34
DA:197,34
DA:198,34
DA:199,34
DA:200,34
DA:201,34
DA:202,34
DA:204,34
DA:206,1
LF:176
LH:162
BRDA:6,0,0,34
BRDA:115,1,0,1
BRDA:115,2,0,33
BRDA:121,3,0,33
BRDA:121,4,0,1
BRDA:163,5,0,0
BRDA:12,6,0,16
BRDA:13,7,0,0
BRDA:16,8,0,0
BRDA:22,9,0,19
BRDA:31,10,0,18
BRDA:33,11,0,0
BRDA:33,12,0,18
BRDA:36,13,0,1
BRDA:43,14,0,3
BRDA:54,15,0,2
BRDA:56,16,0,0
BRDA:57,17,0,1
BRDA:63,18,0,29
BRDA:67,19,0,19
BRDA:69,20,0,4
BRDA:69,21,0,15
BRDA:73,22,0,29
BRDA:74,23,0,19
BRDA:76,24,0,3
BRDA:78,25,0,0
BRDA:90,26,0,3
BRDA:100,27,0,5
BRDA:102,28,0,1
BRDA:103,29,0,4
BRDA:104,30,0,0
BRDA:105,31,0,0
BRDA:127,32,0,3
BRDA:135,33,0,8
BRDA:141,34,0,5
BRDA:141,35,0,3
BRDA:144,36,0,5
BRDA:144,37,0,3
BRDA:153,38,0,5
BRDA:183,39,0,5
BRDA:187,40,0,2
BRDA:187,41,0,1
BRF:42
BRH:34
end_of_record
TN:
SF:src\pages\planner\ConfirmPopup.jsx
FN:4,ConfirmPopup
FNF:1
FNH:0
FNDA:0,ConfirmPopup
DA:1,1
DA:2,1
DA:4,0
DA:5,0
DA:6,0
DA:7,0
DA:8,0
DA:9,0
DA:10,0
DA:11,0
DA:12,0
DA:13,0
DA:15,0
DA:16,0
DA:17,0
DA:18,0
DA:19,0
DA:20,0
DA:22,0
DA:24,0
DA:25,0
DA:26,0
DA:27,0
DA:29,0
DA:30,0
DA:31,0
DA:32,0
DA:34,0
DA:35,0
DA:37,0
DA:38,0
DA:39,0
DA:42,0
DA:43,0
DA:44,0
DA:45,0
DA:46,0
DA:47,0
DA:48,0
DA:49,0
DA:50,0
DA:51,0
DA:52,0
DA:53,0
DA:54,0
DA:55,0
DA:56,0
DA:57,0
DA:59,0
DA:60,0
DA:61,0
DA:62,0
DA:63,0
DA:64,0
DA:65,0
DA:66,0
DA:68,0
DA:69,0
DA:70,0
DA:72,0
DA:73,0
DA:74,0
DA:75,0
DA:76,0
DA:77,0
DA:78,0
DA:79,0
DA:80,0
DA:81,0
DA:82,0
DA:84,0
DA:85,0
DA:86,0
DA:87,0
DA:88,0
DA:89,0
DA:90,0
DA:91,0
DA:92,0
DA:93,0
DA:94,0
DA:95,0
DA:96,0
DA:97,0
DA:98,0
DA:100,0
DA:101,0
DA:102,0
DA:104,0
DA:106,0
LF:90
LH:2
BRF:0
BRH:0
end_of_record
TN:
SF:src\pages\planner\InformationToolTip.jsx
FN:4,HoverPopup
FN:16,onMouseEnter
FN:17,onMouseLeave
FNF:3
FNH:3
FNDA:33,HoverPopup
FNDA:9,onMouseEnter
FNDA:2,onMouseLeave
DA:1,1
DA:2,1
DA:4,33
DA:5,33
DA:6,33
DA:7,33
DA:8,33
DA:9,33
DA:10,33
DA:11,33
DA:13,33
DA:14,33
DA:15,33
DA:16,33
DA:17,33
DA:19,33
DA:21,33
DA:22,9
DA:23,9
DA:24,9
DA:25,9
DA:26,9
DA:27,9
DA:28,9
DA:29,9
DA:30,9
DA:31,9
DA:32,9
DA:33,9
DA:34,9
DA:35,9
DA:36,9
DA:37,9
DA:38,9
DA:39,9
DA:40,9
DA:41,9
DA:42,9
DA:44,9
DA:45,9
DA:46,9
DA:48,33
DA:50,33
DA:52,1
LF:44
LH:44
BRDA:4,0,0,33
BRDA:21,1,0,9
BRDA:16,2,0,9
BRDA:17,3,0,2
BRF:4
BRH:4
end_of_record
TN:
SF:src\pages\planner\NewEvent.jsx
FN:6,NewEvent
FN:74,handleChange
FN:79,handleSubmit
FN:137,onClick
FNF:4
FNH:4
FNDA:100,NewEvent
FNDA:56,handleChange
FNDA:12,handleSubmit
FNDA:2,onClick
DA:1,1
DA:2,1
DA:3,1
DA:4,1
DA:6,100
DA:7,100
DA:8,100
DA:9,100
DA:10,100
DA:11,100
DA:12,100
DA:13,100
DA:14,100
DA:17,100
DA:18,100
DA:19,100
DA:20,100
DA:21,100
DA:22,100
DA:24,100
DA:28,100
DA:29,100
DA:30,100
DA:31,100
DA:32,100
DA:35,100
DA:36,100
DA:37,100
DA:38,100
DA:39,100
DA:40,100
DA:41,100
DA:42,100
DA:43,100
DA:44,100
DA:45,100
DA:46,100
DA:47,100
DA:48,100
DA:49,100
DA:50,100
DA:51,100
DA:52,100
DA:55,100
DA:56,100
DA:57,100
DA:58,100
DA:59,100
DA:60,100
DA:61,100
DA:62,100
DA:63,100
DA:64,100
DA:65,100
DA:66,100
DA:67,100
DA:68,100
DA:69,100
DA:70,100
DA:71,100
DA:72,100
DA:74,100
DA:75,56
DA:76,56
DA:77,56
DA:79,100
DA:80,12
DA:82,12
DA:83,12
DA:84,12
DA:85,12
DA:88,12
DA:89,2
DA:90,2
DA:91,2
DA:93,12
DA:94,0
DA:95,0
DA:96,0
DA:98,10
DA:99,10
DA:101,9
DA:102,9
DA:103,9
DA:104,9
DA:105,9
DA:106,9
DA:107,9
DA:108,9
DA:109,9
DA:110,9
DA:111,9
DA:112,9
DA:113,9
DA:114,9
DA:115,9
DA:116,9
DA:117,9
DA:119,12
DA:121,6
DA:122,6
DA:123,12
DA:124,4
DA:125,4
DA:126,4
DA:127,10
DA:128,10
DA:129,10
DA:130,12
DA:132,100
DA:133,100
DA:134,100
DA:135,100
DA:136,100
DA:137,100
DA:138,100
DA:140,100
DA:141,100
DA:143,100
DA:144,100
DA:145,100
DA:146,100
DA:148,100
DA:149,100
DA:150,100
DA:151,100
DA:152,100
DA:153,100
DA:154,100
DA:155,100
DA:156,100
DA:157,100
DA:158,100
DA:159,100
DA:160,100
DA:162,100
DA:163,100
DA:164,100
DA:165,100
DA:166,100
DA:167,100
DA:168,100
DA:169,100
DA:171,100
DA:172,100
DA:173,1600
DA:174,100
DA:175,100
DA:176,100
DA:178,100
DA:179,100
DA:180,100
DA:181,100
DA:182,100
DA:183,100
DA:184,100
DA:185,100
DA:186,100
DA:187,100
DA:188,100
DA:189,100
DA:190,100
DA:192,100
DA:193,100
DA:194,100
DA:195,100
DA:196,100
DA:197,100
DA:198,100
DA:199,100
DA:200,100
DA:201,100
DA:202,100
DA:203,100
DA:204,100
DA:205,100
DA:207,100
DA:208,100
DA:209,100
DA:210,100
DA:211,100
DA:212,100
DA:213,100
DA:214,100
DA:215,100
DA:216,100
DA:217,100
DA:218,100
DA:219,100
DA:221,100
DA:222,100
DA:223,100
DA:224,100
DA:225,100
DA:226,100
DA:227,100
DA:228,100
DA:230,100
DA:231,100
DA:232,1600
DA:233,100
DA:234,100
DA:235,100
DA:237,100
DA:239,100
DA:240,100
DA:242,100
DA:243,6
DA:244,6
DA:245,6
DA:246,6
DA:249,100
DA:250,6
DA:251,6
DA:252,6
DA:253,6
DA:255,100
DA:257,100
LF:218
LH:215
BRDA:6,0,0,100
BRDA:242,1,0,6
BRDA:249,2,0,6
BRDA:74,3,0,56
BRDA:76,4,0,56
BRDA:79,5,0,12
BRDA:82,6,0,0
BRDA:88,7,0,10
BRDA:88,8,0,10
BRDA:88,9,0,10
BRDA:88,10,0,10
BRDA:88,11,0,2
BRDA:91,12,0,10
BRDA:93,13,0,0
BRDA:96,14,0,10
BRDA:99,15,0,9
BRDA:117,16,0,8
BRDA:119,17,0,2
BRDA:119,18,0,6
BRDA:123,19,0,4
BRDA:126,20,0,10
BRDA:122,21,0,2
BRDA:137,22,0,2
BRDA:137,23,0,1
BRDA:137,24,0,1
BRDA:172,25,0,1600
BRDA:231,26,0,1600
BRF:27
BRH:25
end_of_record
TN:
SF:src\pages\planner\PlannerAllEvents.jsx
FN:8,EventCard
FN:10,getStatusColor
FN:43,onClick
FN:53,formatDate
FN:74,PlannerAllEvents
FN:84,fetchPlannerEvents
FN:102,loadEvents
FN:138,onClick
FN:151,onChange
FN:156,onChange
FN:169,onClick
FN:175,onClick
FN:181,onClick
FN:187,onClick
FNF:14
FNH:9
FNDA:23,EventCard
FNDA:23,getStatusColor
FNDA:0,onClick
FNDA:23,formatDate
FNDA:16,PlannerAllEvents
FNDA:6,fetchPlannerEvents
FNDA:6,loadEvents
FNDA:0,onClick
FNDA:2,onChange
FNDA:1,onChange
FNDA:0,onClick
FNDA:1,onClick
FNDA:0,onClick
FNDA:0,onClick
DA:1,1
DA:2,1
DA:3,1
DA:4,1
DA:6,1
DA:8,23
DA:10,23
DA:11,23
DA:12,23
DA:13,23
DA:14,23
DA:15,23
DA:16,23
DA:17,23
DA:19,23
DA:20,23
DA:21,23
DA:22,23
DA:23,23
DA:24,23
DA:25,23
DA:27,23
DA:28,23
DA:29,23
DA:30,23
DA:31,23
DA:32,23
DA:33,23
DA:34,23
DA:35,23
DA:36,23
DA:37,23
DA:38,23
DA:39,23
DA:40,23
DA:41,23
DA:42,23
DA:43,23
DA:44,23
DA:46,23
DA:47,23
DA:48,23
DA:49,23
DA:51,23
DA:53,23
DA:54,23
DA:56,23
DA:57,0
DA:58,0
DA:59,0
DA:62,23
DA:63,0
DA:64,0
DA:67,23
DA:68,23
DA:69,23
DA:71,0
DA:72,0
DA:74,16
DA:76,16
DA:77,16
DA:78,16
DA:79,16
DA:80,16
DA:81,16
DA:84,16
DA:86,6
DA:87,6
DA:88,6
DA:90,6
DA:91,6
DA:92,6
DA:93,6
DA:94,6
DA:95,6
DA:97,6
DA:98,6
DA:99,6
DA:101,16
DA:102,6
DA:103,6
DA:104,6
DA:105,6
DA:106,6
DA:107,16
DA:109,16
DA:110,16
DA:111,30
DA:112,5
DA:113,25
DA:114,16
DA:115,16
DA:116,28
DA:117,28
DA:118,24
DA:119,28
DA:120,4
DA:121,28
DA:122,0
DA:123,28
DA:124,0
DA:125,28
DA:126,0
DA:127,28
DA:128,16
DA:130,16
DA:131,16
DA:133,16
DA:134,16
DA:135,16
DA:136,16
DA:137,16
DA:138,16
DA:139,16
DA:141,16
DA:143,16
DA:145,16
DA:146,16
DA:147,16
DA:148,16
DA:149,16
DA:150,16
DA:151,16
DA:152,16
DA:153,16
DA:154,16
DA:155,16
DA:156,16
DA:157,16
DA:159,16
DA:160,16
DA:161,16
DA:162,16
DA:163,16
DA:164,16
DA:166,16
DA:167,16
DA:168,16
DA:169,16
DA:170,16
DA:172,16
DA:173,16
DA:174,16
DA:175,16
DA:176,16
DA:178,16
DA:179,16
DA:180,16
DA:181,16
DA:182,16
DA:184,16
DA:185,16
DA:186,16
DA:187,16
DA:188,16
DA:190,16
DA:191,16
DA:192,16
DA:194,16
DA:195,16
DA:196,9
DA:197,23
DA:198,23
DA:199,23
DA:200,23
DA:201,23
DA:202,9
DA:204,7
DA:205,7
DA:206,7
DA:208,16
DA:209,16
DA:211,16
LF:173
LH:163
BRDA:8,0,0,23
BRDA:10,1,0,23
BRDA:12,2,0,8
BRDA:13,3,0,7
BRDA:14,4,0,8
BRDA:15,5,0,0
BRDA:53,6,0,23
BRDA:54,7,0,0
BRDA:56,8,0,0
BRDA:56,9,0,0
BRDA:56,10,0,0
BRDA:62,11,0,0
BRDA:69,12,0,0
BRDA:74,13,0,16
BRDA:168,14,0,15
BRDA:168,15,0,1
BRDA:174,16,0,1
BRDA:174,17,0,15
BRDA:180,18,0,0
BRDA:186,19,0,0
BRDA:195,20,0,9
BRDA:202,21,0,7
BRDA:84,22,0,6
BRDA:95,23,0,0
BRDA:98,24,0,0
BRDA:101,25,0,6
BRDA:102,26,0,6
BRDA:110,27,0,30
BRDA:111,28,0,5
BRDA:112,29,0,25
BRDA:113,30,0,3
BRDA:115,31,0,28
BRDA:117,32,0,24
BRDA:119,33,0,4
BRDA:121,34,0,0
BRDA:123,35,0,0
BRDA:125,36,0,0
BRDA:151,37,0,2
BRDA:156,38,0,1
BRDA:175,39,0,1
BRDA:196,40,0,23
BRF:41
BRH:27
end_of_record
TN:
SF:src\pages\planner\PlannerApp.jsx
FN:26,PlannerApp
FNF:1
FNH:0
FNDA:0,PlannerApp
DA:2,1
DA:3,1
DA:4,1
DA:15,1
DA:16,1
DA:19,1
DA:20,1
DA:21,1
DA:22,1
DA:23,1
DA:24,1
DA:26,1
DA:28,0
DA:29,0
DA:31,0
DA:33,0
DA:34,0
DA:35,0
DA:36,0
DA:37,0
DA:38,0
DA:39,0
DA:40,0
DA:42,0
DA:43,0
DA:44,0
DA:45,0
DA:46,0
DA:47,0
DA:48,0
DA:49,0
DA:50,0
DA:51,0
DA:52,0
DA:53,0
DA:54,0
DA:55,0
DA:56,0
DA:59,0
DA:60,0
DA:61,0
DA:62,0
DA:63,0
DA:65,0
DA:66,0
DA:67,0
DA:70,0
DA:71,0
DA:72,0
DA:73,0
DA:74,0
DA:75,0
DA:76,0
DA:77,0
DA:78,0
DA:79,0
DA:81,0
DA:82,0
DA:83,0
DA:84,0
DA:85,0
DA:86,0
DA:88,0
DA:89,0
DA:90,0
DA:91,0
DA:92,0
DA:93,0
DA:94,0
DA:95,0
DA:96,0
DA:97,0
DA:98,0
DA:99,0
DA:100,0
DA:102,0
DA:103,0
DA:104,0
DA:105,0
DA:107,0
DA:108,0
DA:109,0
DA:110,0
DA:112,0
DA:113,0
DA:114,0
DA:116,0
DA:117,0
DA:119,0
DA:120,0
DA:121,0
DA:122,0
DA:123,0
DA:124,0
DA:125,0
DA:127,0
DA:128,0
DA:129,0
DA:131,0
DA:132,0
DA:133,0
DA:135,0
DA:136,0
DA:137,0
DA:139,0
DA:140,0
DA:141,0
DA:142,0
DA:143,0
DA:144,0
DA:145,0
DA:146,0
DA:147,0
DA:148,0
DA:149,0
DA:150,0
DA:152,0
DA:153,0
DA:154,0
DA:156,0
DA:157,0
DA:158,0
DA:159,0
DA:160,0
DA:163,0
DA:164,0
DA:166,0
DA:168,1
LF:128
LH:13
BRF:0
BRH:0
end_of_record
TN:
SF:src\pages\planner\PlannerContract.jsx
FN:9,useDebounce
FN:18,PlannerContract
FNF:2
FNH:0
FNDA:0,useDebounce
FNDA:0,PlannerContract
DA:1,1
DA:2,1
DA:3,1
DA:4,1
DA:5,1
DA:6,1
DA:7,1
DA:9,1
DA:10,0
DA:11,0
DA:12,0
DA:13,0
DA:14,0
DA:15,0
DA:16,0
DA:18,1
DA:19,0
DA:20,0
DA:21,0
DA:22,0
DA:23,0
DA:24,0
DA:25,0
DA:26,0
DA:27,0
DA:28,0
DA:29,0
DA:30,0
DA:32,0
DA:33,0
DA:34,0
DA:35,0
DA:36,0
DA:37,0
DA:40,0
DA:41,0
DA:43,0
DA:44,0
DA:45,0
DA:46,0
DA:47,0
DA:48,0
DA:49,0
DA:51,0
DA:52,0
DA:53,0
DA:54,0
DA:55,0
DA:56,0
DA:58,0
DA:59,0
DA:60,0
DA:61,0
DA:62,0
DA:63,0
DA:64,0
DA:65,0
DA:66,0
DA:67,0
DA:68,0
DA:69,0
DA:70,0
DA:71,0
DA:72,0
DA:73,0
DA:74,0
DA:75,0
DA:76,0
DA:77,0
DA:78,0
DA:79,0
DA:80,0
DA:81,0
DA:82,0
DA:84,0
DA:85,0
DA:86,0
DA:87,0
DA:88,0
DA:89,0
DA:90,0
DA:91,0
DA:92,0
DA:93,0
DA:94,0
DA:95,0
DA:96,0
DA:97,0
DA:98,0
DA:99,0
DA:100,0
DA:101,0
DA:102,0
DA:103,0
DA:104,0
DA:105,0
DA:106,0
DA:107,0
DA:108,0
DA:109,0
DA:110,0
DA:111,0
DA:112,0
DA:113,0
DA:114,0
DA:115,0
DA:116,0
DA:117,0
DA:118,0
DA:119,0
DA:120,0
DA:121,0
DA:122,0
DA:123,0
DA:124,0
DA:125,0
DA:126,0
DA:127,0
DA:128,0
DA:129,0
DA:130,0
DA:131,0
DA:132,0
DA:134,0
DA:135,0
DA:136,0
DA:137,0
DA:138,0
DA:139,0
DA:140,0
DA:141,0
DA:142,0
DA:143,0
DA:144,0
DA:146,0
DA:147,0
DA:148,0
DA:149,0
DA:150,0
DA:151,0
DA:152,0
DA:153,0
DA:154,0
DA:155,0
DA:156,0
DA:157,0
DA:159,0
DA:160,0
DA:161,0
DA:162,0
DA:163,0
DA:164,0
DA:165,0
DA:166,0
DA:167,0
DA:169,0
DA:170,0
DA:171,0
DA:172,0
DA:174,0
DA:175,0
DA:176,0
DA:178,0
DA:179,0
DA:181,0
DA:182,0
DA:183,0
DA:184,0
DA:185,0
DA:186,0
DA:187,0
DA:188,0
DA:189,0
DA:191,0
DA:192,0
DA:193,0
DA:194,0
DA:195,0
DA:196,0
DA:197,0
DA:198,0
DA:199,0
DA:200,0
DA:202,0
DA:203,0
DA:204,0
DA:205,0
DA:206,0
DA:207,0
DA:208,0
DA:209,0
DA:210,0
DA:211,0
DA:212,0
DA:213,0
DA:214,0
DA:215,0
DA:216,0
DA:217,0
DA:218,0
DA:219,0
DA:220,0
DA:222,0
DA:223,0
DA:225,0
DA:226,0
DA:227,0
DA:228,0
DA:229,0
DA:230,0
DA:231,0
DA:232,0
DA:233,0
DA:234,0
DA:235,0
DA:236,0
DA:238,0
DA:239,0
DA:240,0
DA:241,0
DA:243,0
DA:245,0
DA:247,0
DA:249,0
DA:250,0
DA:251,0
DA:253,0
DA:255,0
DA:256,0
DA:257,0
DA:259,0
DA:260,0
DA:261,0
DA:262,0
DA:263,0
DA:264,0
DA:265,0
DA:267,0
DA:268,0
DA:269,0
DA:270,0
DA:272,0
DA:273,0
DA:274,0
DA:275,0
DA:276,0
DA:277,0
DA:278,0
DA:280,0
DA:281,0
DA:282,0
DA:283,0
DA:284,0
DA:285,0
DA:286,0
DA:287,0
DA:289,0
DA:290,0
DA:291,0
DA:292,0
DA:293,0
DA:294,0
DA:295,0
DA:297,0
DA:300,0
DA:301,0
DA:302,0
DA:303,0
DA:305,0
DA:306,0
DA:307,0
DA:308,0
DA:310,0
DA:311,0
DA:313,0
DA:314,0
DA:315,0
DA:316,0
DA:317,0
DA:318,0
DA:319,0
DA:320,0
DA:322,0
DA:323,0
DA:324,0
DA:325,0
DA:327,0
DA:328,0
DA:329,0
DA:331,0
DA:332,0
DA:333,0
DA:334,0
DA:336,0
DA:337,0
DA:339,0
DA:340,0
DA:341,0
DA:342,0
DA:343,0
DA:344,0
DA:345,0
DA:346,0
DA:347,0
DA:348,0
DA:349,0
DA:350,0
DA:351,0
DA:353,0
DA:355,0
DA:356,0
DA:357,0
DA:358,0
DA:359,0
DA:360,0
DA:361,0
DA:362,0
DA:363,0
DA:365,0
DA:366,0
DA:367,0
DA:368,0
DA:369,0
DA:371,0
DA:372,0
DA:374,0
DA:375,0
DA:376,0
DA:378,0
DA:379,0
DA:380,0
DA:381,0
DA:382,0
DA:383,0
DA:384,0
DA:385,0
DA:386,0
DA:388,0
DA:389,0
DA:390,0
DA:391,0
DA:392,0
DA:394,0
DA:395,0
DA:396,0
DA:397,0
DA:398,0
DA:399,0
DA:400,0
DA:401,0
DA:402,0
DA:403,0
DA:404,0
DA:406,0
DA:407,0
DA:408,0
DA:409,0
DA:410,0
DA:411,0
DA:413,0
DA:414,0
DA:415,0
DA:416,0
DA:417,0
DA:418,0
DA:419,0
DA:421,0
DA:422,0
DA:424,0
DA:425,0
DA:426,0
DA:427,0
DA:428,0
DA:429,0
DA:430,0
DA:431,0
DA:433,0
DA:434,0
DA:436,0
DA:437,0
DA:438,0
DA:440,0
DA:441,0
DA:442,0
DA:443,0
DA:445,0
DA:446,0
DA:447,0
DA:448,0
DA:450,0
DA:451,0
DA:453,0
DA:454,0
DA:455,0
DA:457,0
DA:458,0
DA:459,0
DA:460,0
DA:461,0
DA:462,0
DA:463,0
DA:464,0
DA:465,0
DA:467,0
DA:468,0
DA:469,0
DA:470,0
DA:471,0
DA:472,0
DA:473,0
DA:475,0
DA:476,0
DA:477,0
DA:478,0
DA:479,0
DA:480,0
DA:481,0
DA:482,0
DA:483,0
DA:484,0
DA:485,0
DA:486,0
DA:487,0
DA:488,0
DA:490,0
DA:492,0
DA:494,0
DA:495,0
DA:496,0
DA:497,0
DA:498,0
DA:499,0
DA:500,0
DA:501,0
DA:502,0
DA:503,0
DA:504,0
DA:505,0
DA:506,0
DA:507,0
DA:508,0
DA:511,0
DA:512,0
DA:513,0
DA:514,0
DA:516,0
DA:518,0
DA:519,0
DA:520,0
DA:521,0
DA:522,0
DA:523,0
DA:524,0
DA:525,0
DA:526,0
DA:527,0
DA:528,0
DA:529,0
DA:530,0
DA:531,0
DA:532,0
DA:533,0
DA:534,0
DA:535,0
DA:536,0
DA:537,0
DA:538,0
DA:539,0
DA:540,0
DA:541,0
DA:543,0
DA:545,0
DA:546,0
DA:547,0
DA:548,0
DA:549,0
DA:550,0
DA:551,0
DA:552,0
DA:553,0
DA:554,0
DA:555,0
DA:556,0
DA:557,0
DA:558,0
DA:560,0
DA:561,0
DA:562,0
DA:563,0
DA:564,0
DA:565,0
DA:566,0
DA:568,0
DA:569,0
DA:570,0
DA:571,0
DA:573,0
DA:574,0
DA:575,0
DA:576,0
DA:578,0
DA:579,0
DA:581,0
DA:582,0
DA:583,0
DA:584,0
DA:585,0
DA:586,0
DA:587,0
DA:588,0
DA:590,0
DA:591,0
DA:592,0
DA:593,0
DA:594,0
DA:596,0
DA:597,0
DA:599,0
DA:600,0
DA:601,0
DA:603,0
DA:605,0
DA:607,0
DA:608,0
DA:609,0
DA:610,0
DA:612,0
DA:614,0
DA:615,0
DA:616,0
DA:617,0
DA:618,0
DA:619,0
DA:620,0
DA:621,0
DA:622,0
DA:623,0
DA:624,0
DA:625,0
DA:627,0
DA:628,0
DA:629,0
DA:630,0
DA:631,0
DA:632,0
DA:633,0
DA:634,0
DA:635,0
DA:637,0
DA:638,0
DA:639,0
DA:640,0
DA:641,0
DA:642,0
DA:643,0
DA:644,0
DA:645,0
DA:646,0
DA:647,0
DA:649,0
DA:650,0
DA:651,0
DA:652,0
DA:653,0
DA:654,0
DA:655,0
DA:656,0
DA:657,0
DA:658,0
DA:660,0
DA:661,0
DA:662,0
DA:663,0
DA:664,0
DA:665,0
DA:666,0
DA:667,0
DA:669,0
DA:670,0
DA:671,0
DA:673,0
DA:674,0
DA:675,0
DA:676,0
DA:677,0
DA:678,0
DA:679,0
DA:680,0
DA:682,0
DA:683,0
DA:685,0
DA:686,0
DA:687,0
DA:688,0
DA:689,0
DA:690,0
DA:691,0
DA:692,0
DA:693,0
DA:694,0
DA:695,0
DA:696,0
DA:697,0
DA:698,0
DA:699,0
DA:700,0
DA:701,0
DA:703,0
DA:704,0
DA:705,0
DA:706,0
DA:707,0
DA:708,0
DA:709,0
DA:710,0
DA:711,0
DA:712,0
DA:713,0
DA:714,0
DA:715,0
DA:717,0
DA:718,0
DA:719,0
DA:721,0
DA:722,0
DA:723,0
DA:725,0
DA:726,0
DA:727,0
DA:728,0
DA:729,0
DA:730,0
DA:731,0
DA:733,0
DA:734,0
DA:735,0
DA:736,0
DA:737,0
DA:738,0
DA:739,0
DA:740,0
DA:741,0
DA:742,0
DA:743,0
DA:745,0
DA:746,0
DA:747,0
DA:748,0
DA:749,0
DA:750,0
DA:751,0
DA:752,0
DA:753,0
DA:754,0
DA:756,0
DA:758,0
DA:759,0
DA:760,0
DA:761,0
DA:762,0
DA:764,0
DA:766,0
DA:767,0
DA:768,0
DA:769,0
DA:770,0
DA:772,0
DA:773,0
DA:775,0
DA:777,0
DA:778,0
DA:779,0
DA:780,0
DA:781,0
DA:782,0
DA:784,0
DA:786,0
DA:787,0
DA:788,0
DA:790,0
DA:791,0
DA:792,0
DA:794,0
DA:795,0
DA:796,0
DA:797,0
DA:798,0
DA:799,0
DA:800,0
DA:801,0
DA:802,0
DA:803,0
DA:804,0
DA:805,0
DA:806,0
DA:807,0
DA:808,0
DA:809,0
DA:810,0
DA:811,0
DA:812,0
DA:813,0
DA:814,0
DA:815,0
DA:816,0
DA:817,0
DA:818,0
DA:819,0
DA:820,0
DA:821,0
DA:822,0
DA:823,0
DA:825,0
DA:826,0
DA:827,0
DA:828,0
DA:829,0
DA:830,0
DA:831,0
DA:832,0
DA:833,0
DA:834,0
DA:835,0
DA:836,0
DA:837,0
DA:838,0
DA:839,0
DA:840,0
DA:841,0
DA:843,0
DA:844,0
DA:845,0
DA:846,0
DA:847,0
DA:848,0
DA:849,0
DA:850,0
DA:851,0
DA:852,0
DA:853,0
DA:855,0
DA:856,0
DA:857,0
DA:858,0
DA:859,0
DA:860,0
DA:861,0
DA:862,0
DA:863,0
DA:865,0
DA:866,0
DA:867,0
DA:868,0
DA:869,0
DA:870,0
DA:871,0
DA:873,0
DA:874,0
DA:875,0
DA:877,0
DA:879,0
DA:880,0
DA:881,0
DA:882,0
DA:883,0
DA:884,0
DA:885,0
DA:886,0
DA:887,0
DA:889,0
DA:890,0
DA:891,0
DA:892,0
DA:893,0
DA:894,0
DA:895,0
DA:896,0
DA:897,0
DA:898,0
DA:899,0
DA:900,0
DA:901,0
DA:902,0
DA:903,0
DA:904,0
DA:905,0
DA:906,0
DA:907,0
DA:908,0
DA:909,0
DA:910,0
DA:911,0
DA:912,0
DA:913,0
DA:914,0
DA:915,0
DA:917,0
DA:918,0
DA:919,0
DA:920,0
DA:921,0
DA:922,0
DA:923,0
DA:924,0
DA:926,0
DA:927,0
DA:928,0
DA:929,0
DA:930,0
DA:931,0
DA:932,0
DA:933,0
DA:934,0
DA:935,0
DA:937,0
DA:938,0
DA:939,0
DA:940,0
DA:941,0
DA:942,0
DA:943,0
DA:944,0
DA:946,0
DA:947,0
DA:948,0
DA:949,0
DA:950,0
DA:951,0
DA:952,0
DA:953,0
DA:954,0
DA:955,0
DA:956,0
DA:957,0
DA:958,0
DA:959,0
DA:960,0
DA:961,0
DA:962,0
DA:963,0
DA:965,0
DA:966,0
DA:968,0
DA:969,0
DA:970,0
DA:971,0
DA:972,0
DA:973,0
DA:974,0
DA:975,0
DA:976,0
DA:977,0
DA:979,0
DA:981,0
DA:982,0
DA:983,0
DA:984,0
DA:985,0
DA:987,0
DA:989,0
DA:990,0
DA:992,0
DA:993,0
DA:994,0
DA:995,0
DA:996,0
DA:997,0
DA:998,0
DA:999,0
DA:1000,0
DA:1001,0
DA:1002,0
DA:1003,0
DA:1005,0
DA:1007,0
DA:1008,0
DA:1010,0
DA:1011,0
DA:1012,0
DA:1013,0
DA:1014,0
DA:1015,0
DA:1016,0
DA:1017,0
DA:1018,0
DA:1020,0
DA:1022,0
DA:1023,0
DA:1024,0
DA:1025,0
DA:1027,0
DA:1029,0
DA:1031,1
LF:893
LH:10
BRF:0
BRH:0
end_of_record
TN:
SF:src\pages\planner\PlannerDashboard.jsx
FN:18,PlannerDashboard
FN:28,EventCard
FN:29,formatDate
FN:39,getStatusColor
FN:71,onClick
FN:80,fetchPlannerEvents
FN:114,loadEvents
FN:121,toDate
FN:177,onClick
FN:248,onClick
FN:276,onClick
FN:306,onClick
FN:309,onClick
FN:312,onClick
FN:315,onClick
FNF:15
FNH:15
FNDA:50,PlannerDashboard
FNDA:10,EventCard
FNDA:10,formatDate
FNDA:10,getStatusColor
FNDA:1,onClick
FNDA:17,fetchPlannerEvents
FNDA:17,loadEvents
FNDA:75,toDate
FNDA:1,onClick
FNDA:1,onClick
FNDA:1,onClick
FNDA:1,onClick
FNDA:1,onClick
FNDA:1,onClick
FNDA:1,onClick
DA:1,1
DA:2,1
DA:3,1
DA:4,1
DA:5,1
DA:6,1
DA:18,50
DA:19,50
DA:20,50
DA:21,50
DA:22,50
DA:23,50
DA:24,50
DA:25,50
DA:26,50
DA:28,50
DA:29,10
DA:30,10
DA:31,10
DA:32,10
DA:33,10
DA:34,10
DA:35,10
DA:36,10
DA:37,10
DA:39,10
DA:40,10
DA:41,10
DA:42,10
DA:43,10
DA:44,10
DA:45,10
DA:46,10
DA:48,10
DA:49,10
DA:50,10
DA:51,10
DA:52,10
DA:53,10
DA:54,10
DA:56,10
DA:57,10
DA:58,10
DA:59,10
DA:60,10
DA:61,10
DA:62,10
DA:63,10
DA:64,10
DA:65,10
DA:66,10
DA:67,10
DA:68,10
DA:69,10
DA:70,10
DA:71,10
DA:72,10
DA:74,10
DA:75,10
DA:76,10
DA:77,10
DA:79,10
DA:80,50
DA:81,17
DA:82,0
DA:83,0
DA:84,0
DA:85,17
DA:86,17
DA:87,17
DA:88,17
DA:89,17
DA:90,17
DA:91,17
DA:92,16
DA:93,17
DA:94,17
DA:99,50
DA:100,17
DA:101,17
DA:102,17
DA:103,17
DA:104,17
DA:105,50
DA:108,50
DA:109,34
DA:110,34
DA:111,0
DA:112,0
DA:113,0
DA:114,17
DA:115,17
DA:116,17
DA:117,17
DA:118,17
DA:119,50
DA:121,50
DA:122,75
DA:123,75
DA:126,50
DA:127,50
DA:128,17
DA:129,17
DA:130,50
DA:131,50
DA:133,50
DA:134,50
DA:135,17
DA:136,17
DA:137,50
DA:138,50
DA:140,50
DA:141,50
DA:142,17
DA:143,17
DA:144,50
DA:145,50
DA:147,50
DA:148,50
DA:149,50
DA:151,50
DA:152,50
DA:153,50
DA:154,50
DA:155,50
DA:157,50
DA:159,50
DA:161,50
DA:162,50
DA:164,50
DA:165,50
DA:168,50
DA:169,50
DA:170,50
DA:171,50
DA:172,50
DA:174,50
DA:175,50
DA:176,50
DA:177,50
DA:179,50
DA:180,50
DA:181,50
DA:182,50
DA:185,50
DA:187,50
DA:188,50
DA:189,50
DA:190,50
DA:191,50
DA:192,50
DA:193,50
DA:194,50
DA:195,50
DA:196,50
DA:197,50
DA:200,50
DA:201,50
DA:202,50
DA:203,50
DA:204,50
DA:205,50
DA:206,50
DA:207,50
DA:208,50
DA:209,50
DA:210,50
DA:213,50
DA:214,50
DA:215,50
DA:216,50
DA:217,50
DA:218,50
DA:219,50
DA:220,50
DA:221,50
DA:222,50
DA:223,50
DA:226,50
DA:227,50
DA:228,50
DA:229,50
DA:230,50
DA:231,50
DA:232,50
DA:233,50
DA:234,50
DA:235,50
DA:236,50
DA:237,50
DA:240,50
DA:241,50
DA:243,50
DA:244,50
DA:245,50
DA:246,50
DA:247,50
DA:248,50
DA:249,50
DA:251,50
DA:252,50
DA:253,50
DA:254,50
DA:255,7
DA:256,10
DA:257,10
DA:258,10
DA:259,10
DA:260,10
DA:261,7
DA:263,43
DA:264,43
DA:265,43
DA:267,50
DA:268,50
DA:271,50
DA:272,50
DA:273,50
DA:274,50
DA:275,50
DA:276,50
DA:277,50
DA:279,50
DA:280,50
DA:281,50
DA:282,50
DA:283,150
DA:284,150
DA:285,150
DA:286,150
DA:287,150
DA:288,150
DA:289,150
DA:290,150
DA:291,150
DA:292,150
DA:293,150
DA:294,150
DA:295,50
DA:296,50
DA:297,50
DA:298,50
DA:301,50
DA:302,50
DA:303,50
DA:304,50
DA:305,50
DA:306,50
DA:307,50
DA:308,50
DA:309,50
DA:310,50
DA:311,50
DA:312,50
DA:313,50
DA:314,50
DA:315,50
DA:316,50
DA:317,50
DA:318,50
DA:319,50
DA:320,50
DA:321,50
DA:323,50
DA:324,1
LF:265
LH:259
BRDA:18,0,0,50
BRDA:147,1,0,4
BRDA:147,2,0,46
BRDA:148,3,0,7
BRDA:148,4,0,43
BRDA:149,5,0,43
BRDA:149,6,0,7
BRDA:162,7,0,46
BRDA:162,8,0,4
BRDA:190,9,0,47
BRDA:190,10,0,3
BRDA:254,11,0,7
BRDA:261,12,0,43
BRDA:28,13,0,10
BRDA:29,14,0,10
BRDA:39,15,0,10
BRDA:41,16,0,7
BRDA:42,17,0,3
BRDA:43,18,0,0
BRDA:44,19,0,0
BRDA:71,20,0,1
BRDA:80,21,0,17
BRDA:81,22,0,0
BRDA:91,23,0,1
BRDA:91,24,0,16
BRDA:93,25,0,2
BRDA:99,26,0,17
BRDA:101,27,0,17
BRDA:104,28,0,17
BRDA:108,29,0,34
BRDA:109,30,0,17
BRDA:110,31,0,0
BRDA:113,32,0,17
BRDA:114,33,0,17
BRDA:121,34,0,75
BRDA:122,35,0,0
BRDA:127,36,0,17
BRDA:129,37,0,13
BRDA:131,38,0,3
BRDA:134,39,0,17
BRDA:141,40,0,17
BRDA:145,41,0,9
BRDA:147,42,0,4
BRDA:147,43,0,0
BRDA:148,44,0,17
BRDA:148,45,0,0
BRDA:157,46,0,10
BRDA:157,47,0,0
BRDA:159,48,0,4
BRDA:159,49,0,0
BRDA:177,50,0,1
BRDA:248,51,0,1
BRDA:255,52,0,10
BRDA:276,53,0,1
BRDA:282,54,0,150
BRDA:306,55,0,1
BRDA:309,56,0,1
BRDA:312,57,0,1
BRDA:315,58,0,1
BRF:59
BRH:50
end_of_record
TN:
SF:src\pages\planner\PlannerFloorPlan.jsx
FN:36,PlannerFloorPlan
FN:64,fetchEvents
FN:108,fetchVendors
FN:142,handleImageUpload
FN:172,clearBackgroundImage
FN:177,addItem
FN:194,removeSelected
FN:201,onPointerDownItem
FN:233,onTouchStart
FN:263,onPointerMove
FN:340,onTouchMove
FN:380,onPointerUp
FN:397,onTouchEnd
FN:412,calculateBoundingHalf
FN:421,scaleSelected
FN:443,rotateSelected
FN:464,createFloorplanBlob
FN:506,drawCanvasContent
FN:559,uploadToVendor
FN:650,exportToPNG
FN:666,saveLocal
FN:679,loadLocal
FN:703,onClick
FN:715,onChange
FN:730,onChange
FN:743,onChange
FN:774,onClick
FN:775,onClick
FN:776,onClick
FN:777,onClick
FN:778,onClick
FN:779,onClick
FN:780,onClick
FN:781,onClick
FN:782,onClick
FN:783,onClick
FN:784,onClick
FN:785,onClick
FN:786,onClick
FN:787,onClick
FN:788,onClick
FN:789,onClick
FN:799,onChange
FN:812,onClick
FN:815,onClick
FN:820,onClick
FN:823,onClick
FN:887,onPointerDown
FNF:48
FNH:16
FNDA:33,PlannerFloorPlan
FNDA:10,fetchEvents
FNDA:6,fetchVendors
FNDA:0,handleImageUpload
FNDA:0,clearBackgroundImage
FNDA:4,addItem
FNDA:0,removeSelected
FNDA:0,onPointerDownItem
FNDA:0,onTouchStart
FNDA:0,onPointerMove
FNDA:0,onTouchMove
FNDA:0,onPointerUp
FNDA:0,onTouchEnd
FNDA:8,calculateBoundingHalf
FNDA:1,scaleSelected
FNDA:1,rotateSelected
FNDA:0,createFloorplanBlob
FNDA:0,drawCanvasContent
FNDA:0,uploadToVendor
FNDA:0,exportToPNG
FNDA:1,saveLocal
FNDA:1,loadLocal
FNDA:1,onClick
FNDA:0,onChange
FNDA:0,onChange
FNDA:0,onChange
FNDA:1,onClick
FNDA:0,onClick
FNDA:1,onClick
FNDA:1,onClick
FNDA:1,onClick
FNDA:0,onClick
FNDA:0,onClick
FNDA:0,onClick
FNDA:0,onClick
FNDA:0,onClick
FNDA:0,onClick
FNDA:0,onClick
FNDA:0,onClick
FNDA:0,onClick
FNDA:0,onClick
FNDA:0,onClick
FNDA:0,onChange
FNDA:0,onClick
FNDA:1,onClick
FNDA:0,onClick
FNDA:1,onClick
FNDA:0,onPointerDown
DA:1,1
DA:2,1
DA:3,1
DA:4,1
DA:5,1
DA:6,1
DA:8,1
DA:9,1
DA:10,1
DA:11,1
DA:12,1
DA:13,1
DA:15,1
DA:16,1
DA:17,1
DA:18,1
DA:19,1
DA:20,1
DA:21,1
DA:22,1
DA:23,1
DA:24,1
DA:25,1
DA:26,1
DA:27,1
DA:28,1
DA:29,1
DA:30,1
DA:31,1
DA:32,1
DA:34,1
DA:36,1
DA:37,33
DA:38,33
DA:39,33
DA:40,33
DA:41,33
DA:42,33
DA:43,33
DA:44,33
DA:45,33
DA:46,33
DA:47,33
DA:49,33
DA:50,33
DA:51,33
DA:52,33
DA:53,33
DA:54,33
DA:55,33
DA:56,33
DA:57,33
DA:58,33
DA:59,33
DA:60,33
DA:63,33
DA:64,10
DA:65,10
DA:66,10
DA:67,10
DA:68,10
DA:69,1
DA:70,1
DA:71,1
DA:72,1
DA:73,9
DA:74,9
DA:75,9
DA:76,9
DA:77,9
DA:78,9
DA:79,9
DA:80,9
DA:81,10
DA:82,0
DA:83,0
DA:84,0
DA:85,0
DA:86,8
DA:87,8
DA:88,10
DA:89,10
DA:90,6
DA:91,6
DA:92,10
DA:93,1
DA:94,1
DA:95,1
DA:96,1
DA:97,10
DA:98,10
DA:99,33
DA:102,33
DA:103,14
DA:104,8
DA:105,8
DA:106,8
DA:107,8
DA:108,6
DA:109,6
DA:110,6
DA:111,6
DA:112,6
DA:113,6
DA:114,6
DA:115,6
DA:116,6
DA:117,6
DA:118,6
DA:119,6
DA:120,6
DA:121,0
DA:122,0
DA:123,0
DA:124,0
DA:125,0
DA:126,0
DA:127,0
DA:128,0
DA:129,0
DA:130,0
DA:131,0
DA:132,6
DA:133,6
DA:134,6
DA:135,6
DA:136,6
DA:137,6
DA:138,6
DA:139,33
DA:142,33
DA:143,0
DA:144,0
DA:146,0
DA:147,0
DA:148,0
DA:149,0
DA:150,0
DA:152,0
DA:153,0
DA:154,0
DA:155,0
DA:156,0
DA:158,0
DA:159,0
DA:160,0
DA:161,0
DA:162,0
DA:163,0
DA:164,0
DA:165,0
DA:166,0
DA:167,0
DA:168,0
DA:169,0
DA:172,33
DA:173,0
DA:174,0
DA:175,0
DA:177,33
DA:178,4
DA:179,4
DA:180,4
DA:181,4
DA:182,4
DA:183,4
DA:184,4
DA:185,4
DA:186,4
DA:187,4
DA:188,4
DA:189,4
DA:190,4
DA:191,4
DA:192,4
DA:194,33
DA:195,0
DA:196,0
DA:197,0
DA:198,0
DA:199,0
DA:201,33
DA:202,0
DA:203,0
DA:204,0
DA:205,0
DA:206,0
DA:207,0
DA:208,0
DA:209,0
DA:210,0
DA:211,0
DA:213,0
DA:214,0
DA:215,0
DA:216,0
DA:217,0
DA:219,0
DA:220,0
DA:221,0
DA:222,0
DA:223,0
DA:224,0
DA:225,0
DA:226,0
DA:227,0
DA:228,0
DA:229,0
DA:230,0
DA:231,0
DA:233,33
DA:234,0
DA:235,0
DA:236,0
DA:237,0
DA:238,0
DA:239,0
DA:240,0
DA:241,0
DA:242,0
DA:243,0
DA:245,0
DA:246,0
DA:247,0
DA:249,0
DA:250,0
DA:251,0
DA:252,0
DA:253,0
DA:254,0
DA:255,0
DA:256,0
DA:257,0
DA:258,0
DA:259,0
DA:260,0
DA:261,0
DA:263,33
DA:264,0
DA:266,0
DA:267,0
DA:268,0
DA:269,0
DA:270,0
DA:272,0
DA:273,0
DA:274,0
DA:275,0
DA:276,0
DA:277,0
DA:278,0
DA:279,0
DA:280,0
DA:282,0
DA:283,0
DA:284,0
DA:285,0
DA:286,0
DA:287,0
DA:288,0
DA:289,0
DA:290,0
DA:291,0
DA:292,0
DA:293,0
DA:294,0
DA:295,0
DA:296,0
DA:297,0
DA:298,0
DA:299,0
DA:300,0
DA:301,0
DA:302,0
DA:303,0
DA:304,0
DA:305,0
DA:306,0
DA:307,0
DA:308,0
DA:309,0
DA:310,0
DA:311,0
DA:313,0
DA:314,0
DA:315,0
DA:317,0
DA:318,0
DA:319,0
DA:320,0
DA:321,0
DA:322,0
DA:323,0
DA:324,0
DA:325,0
DA:326,0
DA:327,0
DA:328,0
DA:329,0
DA:330,0
DA:331,0
DA:332,0
DA:333,0
DA:334,0
DA:335,0
DA:336,0
DA:337,0
DA:338,0
DA:340,33
DA:341,0
DA:342,0
DA:343,0
DA:344,0
DA:345,0
DA:346,0
DA:347,0
DA:349,0
DA:350,0
DA:351,0
DA:352,0
DA:353,0
DA:354,0
DA:356,0
DA:358,0
DA:359,0
DA:360,0
DA:361,0
DA:362,0
DA:363,0
DA:364,0
DA:365,0
DA:366,0
DA:367,0
DA:368,0
DA:369,0
DA:370,0
DA:371,0
DA:372,0
DA:373,0
DA:374,0
DA:375,0
DA:376,0
DA:377,0
DA:378,0
DA:380,33
DA:381,0
DA:382,0
DA:383,0
DA:384,0
DA:385,0
DA:386,0
DA:387,0
DA:388,0
DA:389,0
DA:390,0
DA:391,0
DA:392,0
DA:393,0
DA:394,0
DA:395,0
DA:397,33
DA:398,0
DA:399,0
DA:400,0
DA:401,0
DA:402,0
DA:403,0
DA:404,0
DA:405,0
DA:406,0
DA:407,0
DA:408,0
DA:409,0
DA:410,0
DA:412,33
DA:413,8
DA:414,8
DA:415,8
DA:416,8
DA:417,8
DA:418,8
DA:419,8
DA:421,33
DA:422,1
DA:423,1
DA:424,1
DA:425,1
DA:426,1
DA:427,1
DA:428,1
DA:429,1
DA:430,1
DA:431,1
DA:432,1
DA:433,1
DA:434,1
DA:435,1
DA:436,1
DA:437,1
DA:438,1
DA:439,1
DA:440,1
DA:441,1
DA:443,33
DA:444,1
DA:445,1
DA:446,1
DA:447,1
DA:448,1
DA:449,1
DA:450,1
DA:451,1
DA:452,1
DA:453,1
DA:454,1
DA:455,1
DA:456,1
DA:457,1
DA:458,1
DA:459,1
DA:460,1
DA:461,1
DA:462,1
DA:464,33
DA:465,0
DA:466,0
DA:467,0
DA:468,0
DA:470,0
DA:471,0
DA:472,0
DA:473,0
DA:474,0
DA:475,0
DA:478,0
DA:479,0
DA:480,0
DA:481,0
DA:482,0
DA:483,0
DA:484,0
DA:485,0
DA:486,0
DA:487,0
DA:488,0
DA:489,0
DA:490,0
DA:491,0
DA:492,0
DA:493,0
DA:494,0
DA:495,0
DA:496,0
DA:497,0
DA:498,0
DA:499,0
DA:500,0
DA:501,0
DA:502,0
DA:503,0
DA:504,0
DA:506,33
DA:508,0
DA:509,0
DA:510,0
DA:511,0
DA:512,0
DA:513,0
DA:514,0
DA:515,0
DA:516,0
DA:517,0
DA:518,0
DA:519,0
DA:520,0
DA:521,0
DA:522,0
DA:525,0
DA:526,0
DA:527,0
DA:528,0
DA:529,0
DA:530,0
DA:532,0
DA:533,0
DA:534,0
DA:535,0
DA:537,0
DA:538,0
DA:539,0
DA:540,0
DA:541,0
DA:542,0
DA:543,0
DA:545,0
DA:546,0
DA:547,0
DA:548,0
DA:549,0
DA:550,0
DA:551,0
DA:552,0
DA:553,0
DA:554,0
DA:555,0
DA:556,0
DA:557,0
DA:559,33
DA:560,0
DA:561,0
DA:562,0
DA:563,0
DA:564,0
DA:565,0
DA:566,0
DA:567,0
DA:569,0
DA:570,0
DA:571,0
DA:572,0
DA:573,0
DA:574,0
DA:575,0
DA:576,0
DA:578,0
DA:579,0
DA:580,0
DA:581,0
DA:582,0
DA:583,0
DA:584,0
DA:585,0
DA:588,0
DA:589,0
DA:590,0
DA:591,0
DA:592,0
DA:593,0
DA:594,0
DA:597,0
DA:598,0
DA:599,0
DA:600,0
DA:602,0
DA:603,0
DA:604,0
DA:605,0
DA:606,0
DA:607,0
DA:608,0
DA:609,0
DA:611,0
DA:612,0
DA:615,0
DA:616,0
DA:617,0
DA:619,0
DA:620,0
DA:621,0
DA:622,0
DA:623,0
DA:624,0
DA:625,0
DA:626,0
DA:627,0
DA:628,0
DA:629,0
DA:630,0
DA:631,0
DA:632,0
DA:633,0
DA:634,0
DA:635,0
DA:636,0
DA:638,0
DA:639,0
DA:640,0
DA:641,0
DA:642,0
DA:643,0
DA:644,0
DA:645,0
DA:646,0
DA:647,0
DA:648,0
DA:650,33
DA:651,0
DA:652,0
DA:653,0
DA:654,0
DA:655,0
DA:656,0
DA:657,0
DA:658,0
DA:659,0
DA:660,0
DA:661,0
DA:662,0
DA:663,0
DA:664,0
DA:666,33
DA:667,1
DA:668,0
DA:669,0
DA:670,0
DA:671,1
DA:672,1
DA:673,1
DA:674,1
DA:675,1
DA:676,1
DA:677,1
DA:679,33
DA:680,1
DA:681,0
DA:682,0
DA:683,0
DA:684,1
DA:685,1
DA:686,1
DA:687,1
DA:688,1
DA:689,1
DA:690,1
DA:691,1
DA:692,1
DA:693,1
DA:694,1
DA:695,0
DA:696,0
DA:697,0
DA:698,1
DA:700,33
DA:701,33
DA:702,33
DA:703,33
DA:705,33
DA:706,33
DA:707,33
DA:709,33
DA:710,33
DA:711,33
DA:712,33
DA:713,33
DA:714,33
DA:715,33
DA:716,33
DA:718,33
DA:719,33
DA:720,20
DA:721,20
DA:722,20
DA:723,33
DA:724,33
DA:726,33
DA:727,33
DA:728,33
DA:729,33
DA:730,33
DA:731,33
DA:732,33
DA:734,33
DA:735,33
DA:736,0
DA:737,0
DA:738,0
DA:739,33
DA:740,33
DA:742,33
DA:743,33
DA:744,33
DA:745,132
DA:746,132
DA:747,132
DA:748,33
DA:749,33
DA:751,33
DA:752,33
DA:753,33
DA:754,33
DA:755,33
DA:756,33
DA:757,33
DA:758,33
DA:759,0
DA:760,0
DA:761,0
DA:762,0
DA:763,0
DA:764,0
DA:765,0
DA:767,0
DA:768,0
DA:770,33
DA:772,33
DA:773,33
DA:774,33
DA:775,33
DA:776,33
DA:777,33
DA:778,33
DA:779,33
DA:780,33
DA:781,33
DA:782,33
DA:783,33
DA:784,33
DA:785,33
DA:786,33
DA:787,33
DA:788,33
DA:789,33
DA:790,33
DA:792,33
DA:793,33
DA:794,33
DA:795,33
DA:796,33
DA:797,33
DA:798,33
DA:799,33
DA:801,33
DA:802,33
DA:803,12
DA:804,12
DA:805,12
DA:806,33
DA:807,33
DA:808,33
DA:809,33
DA:810,10
DA:811,10
DA:812,10
DA:814,10
DA:815,10
DA:817,10
DA:818,10
DA:819,10
DA:820,10
DA:822,10
DA:823,10
DA:825,10
DA:826,10
DA:827,10
DA:829,10
DA:830,10
DA:832,33
DA:834,33
DA:835,33
DA:836,33
DA:838,33
DA:839,33
DA:841,33
DA:842,33
DA:844,33
DA:845,33
DA:847,33
DA:848,33
DA:850,33
DA:852,33
DA:853,33
DA:855,33
DA:856,33
DA:857,33
DA:858,33
DA:859,33
DA:860,33
DA:861,33
DA:862,33
DA:863,33
DA:864,33
DA:865,33
DA:866,33
DA:867,33
DA:868,0
DA:869,33
DA:870,33
DA:872,33
DA:873,12
DA:874,12
DA:875,12
DA:876,12
DA:877,12
DA:878,12
DA:879,12
DA:880,12
DA:881,12
DA:882,12
DA:883,12
DA:884,12
DA:885,12
DA:886,12
DA:887,12
DA:889,12
DA:890,12
DA:891,33
DA:892,33
DA:893,33
DA:894,33
DA:895,33
DA:897,33
DA:899,1
LF:802
LH:373
BRDA:36,0,0,33
BRDA:38,1,0,26
BRDA:758,2,0,0
BRDA:798,3,0,23
BRDA:809,4,0,10
BRDA:839,5,0,14
BRDA:867,6,0,0
BRDA:869,7,0,0
BRDA:63,8,0,10
BRDA:64,9,0,10
BRDA:68,10,0,1
BRDA:72,11,0,9
BRDA:80,12,0,8
BRDA:81,13,0,0
BRDA:85,14,0,8
BRDA:88,15,0,0
BRDA:89,16,0,6
BRDA:89,17,0,6
BRDA:92,18,0,1
BRDA:102,19,0,14
BRDA:103,20,0,8
BRDA:107,21,0,6
BRDA:108,22,0,6
BRDA:112,23,0,0
BRDA:120,24,0,0
BRDA:177,25,0,4
BRDA:180,26,0,0
BRDA:189,27,0,4
BRDA:412,28,0,8
BRDA:418,29,0,4
BRDA:418,30,0,4
BRDA:421,31,0,1
BRDA:422,32,0,0
BRDA:423,33,0,1
BRDA:424,34,0,1
BRDA:425,35,0,0
BRDA:428,36,0,0
BRDA:443,37,0,1
BRDA:444,38,0,0
BRDA:445,39,0,1
BRDA:446,40,0,1
BRDA:447,41,0,0
BRDA:449,42,0,0
BRDA:666,43,0,1
BRDA:667,44,0,0
BRDA:679,45,0,1
BRDA:680,46,0,0
BRDA:685,47,0,0
BRDA:692,48,0,0
BRDA:694,49,0,0
BRDA:690,50,0,1
BRDA:703,51,0,1
BRDA:719,52,0,20
BRDA:721,53,0,0
BRDA:744,54,0,132
BRDA:774,55,0,1
BRDA:776,56,0,1
BRDA:777,57,0,1
BRDA:778,58,0,1
BRDA:802,59,0,12
BRDA:804,60,0,12
BRDA:815,61,0,1
BRDA:823,62,0,1
BRDA:869,63,0,35
BRDA:872,64,0,12
BRDA:875,65,0,10
BRDA:875,66,0,2
BRDA:876,67,0,4
BRDA:876,68,0,8
BRDA:884,69,0,11
BRDA:889,70,0,12
BRF:71
BRH:51
end_of_record
TN:
SF:src\pages\planner\PlannerRSVP.jsx
FN:4,PlannerRSVP
FN:33,processRSVP
FN:127,onClick
FNF:3
FNH:2
FNDA:56,PlannerRSVP
FNDA:14,processRSVP
FNDA:0,onClick
DA:1,1
DA:2,1
DA:4,56
DA:5,56
DA:6,56
DA:7,56
DA:8,56
DA:9,56
DA:10,56
DA:12,56
DA:15,16
DA:16,16
DA:19,16
DA:20,16
DA:21,14
DA:22,14
DA:23,14
DA:25,14
DA:26,16
DA:27,2
DA:28,2
DA:29,2
DA:30,56
DA:32,56
DA:33,30
DA:34,14
DA:35,14
DA:37,14
DA:40,14
DA:41,2
DA:42,2
DA:45,12
DA:46,12
DA:47,12
DA:48,12
DA:49,12
DA:50,12
DA:51,12
DA:52,12
DA:53,12
DA:55,14
DA:56,1
DA:57,1
DA:58,1
DA:61,9
DA:62,8
DA:63,8
DA:64,8
DA:66,8
DA:67,8
DA:68,8
DA:69,8
DA:70,7
DA:71,1
DA:72,14
DA:74,14
DA:75,0
DA:76,0
DA:77,14
DA:79,14
DA:80,1
DA:81,1
DA:82,14
DA:84,14
DA:85,5
DA:86,5
DA:87,14
DA:88,13
DA:89,13
DA:90,14
DA:92,30
DA:93,14
DA:94,30
DA:96,16
DA:97,16
DA:98,0
DA:99,0
DA:100,0
DA:101,56
DA:103,56
DA:104,42
DA:105,42
DA:106,42
DA:107,42
DA:108,42
DA:109,42
DA:110,42
DA:111,42
DA:112,42
DA:113,42
DA:115,42
DA:117,56
DA:118,7
DA:119,7
DA:120,7
DA:121,7
DA:122,7
DA:123,7
DA:124,7
DA:125,7
DA:126,7
DA:127,7
DA:128,7
DA:130,7
DA:131,7
DA:132,7
DA:133,7
DA:135,7
DA:137,56
DA:138,7
DA:140,7
DA:141,7
DA:142,7
DA:143,7
DA:144,7
DA:145,7
DA:146,7
DA:147,7
DA:149,7
DA:150,7
DA:151,7
DA:152,7
DA:153,7
DA:154,7
DA:155,7
DA:157,7
DA:158,7
DA:159,7
DA:160,7
DA:161,7
DA:162,7
DA:164,7
DA:166,7
DA:167,7
DA:168,7
DA:169,6
DA:170,1
DA:172,7
DA:174,7
DA:175,1
DA:177,1
DA:179,7
DA:181,7
DA:182,7
DA:183,7
DA:184,7
DA:185,7
DA:187,7
DA:188,7
DA:189,7
DA:190,7
DA:191,7
DA:192,7
DA:193,7
DA:195,7
DA:197,0
DA:198,0
LF:157
LH:150
BRDA:4,0,0,56
BRDA:103,1,0,42
BRDA:115,2,0,14
BRDA:117,3,0,7
BRDA:137,4,0,7
BRDA:149,5,0,6
BRDA:149,6,0,1
BRDA:153,7,0,6
BRDA:153,8,0,1
BRDA:158,9,0,0
BRDA:168,10,0,6
BRDA:169,11,0,0
BRDA:169,12,0,1
BRDA:170,13,0,0
BRDA:174,14,0,1
BRDA:183,15,0,0
BRDA:195,16,0,0
BRDA:12,17,0,16
BRDA:20,18,0,14
BRDA:26,19,0,2
BRDA:32,20,0,30
BRDA:92,21,0,14
BRDA:92,22,0,14
BRDA:92,23,0,14
BRDA:94,24,0,16
BRDA:97,25,0,0
BRDA:33,26,0,14
BRDA:40,27,0,3
BRDA:40,28,0,2
BRDA:42,29,0,12
BRDA:53,30,0,10
BRDA:55,31,0,1
BRDA:58,32,0,9
BRDA:61,33,0,8
BRDA:69,34,0,7
BRDA:70,35,0,1
BRDA:74,36,0,0
BRDA:79,37,0,1
BRDA:84,38,0,5
BRDA:87,39,0,13
BRF:40
BRH:33
end_of_record
TN:
SF:src\pages\planner\PlannerSchedules.jsx
FN:8,PlannerSchedules
FN:36,fetchEvents
FN:52,fetchSchedules
FN:78,addItem
FN:99,addSchedule
FN:120,uploadSchedulePDF
FN:174,deleteItem
FN:193,editItem
FN:214,deleteSchedule
FN:236,showNotification
FN:246,loadEvents
FN:254,isSchedulePDF
FN:258,handlePDFView
FN:264,handleEventSelect
FN:283,toggleSchedule
FN:293,handleCreateSchedule
FN:301,handleScheduleCreate
FN:337,handleFileUpload
FN:370,addScheduleItem
FN:392,updateScheduleItem
FN:423,saveUpdatedItem
FN:433,deleteScheduleItem
FN:448,exportSchedule
FN:549,closeModals
FN:558,saveScheduleAndClose
FN:567,handleDeleteSchedule
FN:581,validateTime
FN:606,getCurrentTimeString
FN:613,formatDate
FN:674,onClick
FN:701,onClick
FN:717,onClick
FN:729,onClick
FN:754,onClick
FN:765,onClick
FN:777,onClick
FN:787,onClick
FN:802,onClick
FN:823,onChange
FN:830,onChange
FN:838,onChange
FN:844,onChange
FN:850,onClick
FN:856,onClick
FN:880,onClick
FN:886,onClick
FN:921,onClick
FN:934,onChange
FN:945,onChange
FN:960,onClick
FN:971,onClick
FN:1001,onClick
FN:1018,onChange
FN:1028,onChange
FN:1040,onChange
FN:1049,onChange
FN:1076,onClick
FN:1087,onClick
FN:1097,onClick
FN:1107,onClick
FNF:60
FNH:50
FNDA:117,PlannerSchedules
FNDA:22,fetchEvents
FNDA:19,fetchSchedules
FNDA:0,addItem
FNDA:2,addSchedule
FNDA:1,uploadSchedulePDF
FNDA:1,deleteItem
FNDA:1,editItem
FNDA:1,deleteSchedule
FNDA:10,showNotification
FNDA:22,loadEvents
FNDA:104,isSchedulePDF
FNDA:1,handlePDFView
FNDA:19,handleEventSelect
FNDA:6,toggleSchedule
FNDA:5,handleCreateSchedule
FNDA:3,handleScheduleCreate
FNDA:1,handleFileUpload
FNDA:1,addScheduleItem
FNDA:0,updateScheduleItem
FNDA:1,saveUpdatedItem
FNDA:1,deleteScheduleItem
FNDA:3,exportSchedule
FNDA:1,closeModals
FNDA:1,saveScheduleAndClose
FNDA:1,handleDeleteSchedule
FNDA:1,validateTime
FNDA:114,getCurrentTimeString
FNDA:187,formatDate
FNDA:19,onClick
FNDA:5,onClick
FNDA:0,onClick
FNDA:6,onClick
FNDA:1,onClick
FNDA:2,onClick
FNDA:3,onClick
FNDA:1,onClick
FNDA:0,onClick
FNDA:0,onChange
FNDA:0,onChange
FNDA:0,onChange
FNDA:0,onChange
FNDA:1,onClick
FNDA:0,onClick
FNDA:1,onClick
FNDA:1,onClick
FNDA:6,onClick
FNDA:3,onChange
FNDA:1,onChange
FNDA:2,onClick
FNDA:1,onClick
FNDA:1,onClick
FNDA:1,onChange
FNDA:1,onChange
FNDA:1,onChange
FNDA:0,onChange
FNDA:3,onClick
FNDA:1,onClick
FNDA:1,onClick
FNDA:1,onClick
DA:1,1
DA:2,1
DA:3,1
DA:4,1
DA:5,1
DA:6,1
DA:8,117
DA:9,117
DA:10,117
DA:11,117
DA:12,117
DA:13,117
DA:14,117
DA:15,117
DA:16,117
DA:17,117
DA:18,117
DA:19,117
DA:20,117
DA:21,117
DA:22,117
DA:23,117
DA:24,117
DA:25,117
DA:27,117
DA:28,117
DA:29,117
DA:30,117
DA:31,117
DA:32,117
DA:36,117
DA:37,22
DA:38,22
DA:39,22
DA:41,22
DA:42,22
DA:43,22
DA:44,22
DA:45,22
DA:46,22
DA:48,22
DA:49,22
DA:50,22
DA:52,117
DA:54,19
DA:55,19
DA:56,19
DA:57,19
DA:59,19
DA:60,19
DA:61,19
DA:62,19
DA:63,19
DA:65,19
DA:67,18
DA:68,18
DA:70,19
DA:71,1
DA:72,1
DA:73,1
DA:74,1
DA:76,19
DA:78,117
DA:79,0
DA:80,0
DA:81,0
DA:83,0
DA:84,0
DA:85,0
DA:86,0
DA:87,0
DA:88,0
DA:89,0
DA:90,0
DA:92,0
DA:93,0
DA:94,0
DA:95,0
DA:96,0
DA:97,0
DA:99,117
DA:100,2
DA:101,2
DA:102,2
DA:104,2
DA:105,2
DA:106,2
DA:107,2
DA:108,2
DA:109,2
DA:110,2
DA:111,2
DA:113,2
DA:114,0
DA:115,0
DA:116,0
DA:117,2
DA:118,2
DA:120,117
DA:122,1
DA:123,1
DA:124,1
DA:125,1
DA:127,1
DA:129,1
DA:130,1
DA:133,1
DA:134,1
DA:135,1
DA:136,1
DA:137,1
DA:138,1
DA:139,1
DA:141,1
DA:142,0
DA:143,0
DA:144,0
DA:145,1
DA:146,1
DA:147,1
DA:149,1
DA:150,1
DA:151,1
DA:152,1
DA:153,1
DA:156,1
DA:157,1
DA:158,1
DA:159,1
DA:160,1
DA:161,1
DA:162,1
DA:163,1
DA:165,1
DA:166,0
DA:167,0
DA:168,0
DA:169,1
DA:171,1
DA:174,117
DA:175,1
DA:176,1
DA:177,1
DA:179,1
DA:180,1
DA:181,1
DA:182,1
DA:183,1
DA:184,1
DA:186,1
DA:187,0
DA:188,0
DA:190,1
DA:191,1
DA:193,117
DA:194,1
DA:195,1
DA:196,1
DA:198,1
DA:199,1
DA:200,1
DA:201,1
DA:202,1
DA:203,1
DA:204,1
DA:205,1
DA:207,1
DA:208,0
DA:209,0
DA:211,1
DA:212,1
DA:214,117
DA:215,1
DA:216,1
DA:217,1
DA:219,1
DA:220,1
DA:221,1
DA:222,1
DA:223,1
DA:224,1
DA:226,1
DA:227,0
DA:228,0
DA:230,1
DA:232,1
DA:236,117
DA:237,10
DA:238,10
DA:239,0
DA:240,10
DA:241,10
DA:245,117
DA:246,22
DA:247,22
DA:248,22
DA:249,22
DA:250,22
DA:251,117
DA:254,117
DA:255,104
DA:256,104
DA:258,117
DA:259,1
DA:260,1
DA:261,1
DA:262,1
DA:264,117
DA:265,19
DA:266,19
DA:267,19
DA:268,19
DA:269,0
DA:270,19
DA:271,19
DA:272,20
DA:273,20
DA:274,19
DA:275,19
DA:276,20
DA:277,20
DA:278,19
DA:279,19
DA:280,19
DA:281,19
DA:283,117
DA:284,6
DA:285,6
DA:286,6
DA:287,6
DA:288,6
DA:289,6
DA:290,6
DA:291,6
DA:293,117
DA:294,5
DA:295,5
DA:296,5
DA:297,0
DA:298,0
DA:299,5
DA:301,117
DA:302,3
DA:304,3
DA:305,2
DA:306,2
DA:307,2
DA:308,2
DA:309,2
DA:310,2
DA:311,2
DA:313,2
DA:314,2
DA:315,2
DA:316,2
DA:318,2
DA:319,2
DA:320,2
DA:321,2
DA:322,2
DA:323,2
DA:324,2
DA:325,2
DA:327,2
DA:328,2
DA:329,2
DA:330,2
DA:331,3
DA:332,1
DA:333,1
DA:335,3
DA:337,117
DA:338,1
DA:340,1
DA:341,1
DA:342,0
DA:343,0
DA:344,0
DA:345,1
DA:346,1
DA:348,0
DA:349,0
DA:350,0
DA:351,0
DA:352,0
DA:353,0
DA:354,0
DA:355,0
DA:357,0
DA:358,0
DA:359,0
DA:360,0
DA:361,0
DA:362,1
DA:363,0
DA:364,0
DA:365,1
DA:366,1
DA:368,1
DA:370,117
DA:371,1
DA:373,1
DA:374,1
DA:375,0
DA:377,0
DA:378,0
DA:379,0
DA:380,0
DA:381,0
DA:382,0
DA:383,0
DA:384,0
DA:385,0
DA:387,0
DA:388,0
DA:389,0
DA:390,1
DA:392,117
DA:393,0
DA:394,0
DA:396,0
DA:397,0
DA:400,0
DA:401,0
DA:402,0
DA:404,0
DA:405,0
DA:406,0
DA:407,0
DA:408,0
DA:409,0
DA:410,0
DA:411,0
DA:412,0
DA:413,0
DA:414,0
DA:415,0
DA:416,0
DA:417,0
DA:419,117
DA:420,41
DA:421,117
DA:423,117
DA:424,1
DA:426,1
DA:427,0
DA:428,0
DA:429,1
DA:430,1
DA:431,1
DA:433,117
DA:434,1
DA:435,1
DA:437,1
DA:438,1
DA:439,1
DA:440,2
DA:441,1
DA:442,1
DA:443,1
DA:444,1
DA:445,1
DA:446,1
DA:448,117
DA:449,3
DA:451,3
DA:452,1
DA:454,1
DA:455,0
DA:456,0
DA:457,0
DA:459,1
DA:462,1
DA:463,1
DA:466,1
DA:467,1
DA:468,1
DA:469,1
DA:472,1
DA:473,1
DA:475,1
DA:476,2
DA:477,2
DA:478,2
DA:479,2
DA:480,2
DA:481,2
DA:482,2
DA:483,1
DA:486,1
DA:487,1
DA:488,1
DA:489,1
DA:490,1
DA:491,1
DA:492,1
DA:493,1
DA:494,1
DA:495,1
DA:496,1
DA:497,1
DA:498,1
DA:499,1
DA:500,1
DA:503,1
DA:504,1
DA:505,3
DA:506,1
DA:507,1
DA:508,1
DA:509,2
DA:510,1
DA:511,1
DA:513,1
DA:514,1
DA:515,1
DA:516,1
DA:517,1
DA:518,1
DA:519,1
DA:520,1
DA:521,1
DA:522,1
DA:523,1
DA:524,1
DA:525,1
DA:526,1
DA:527,1
DA:528,1
DA:529,1
DA:530,2
DA:531,2
DA:532,2
DA:533,2
DA:534,1
DA:535,1
DA:537,1
DA:538,1
DA:539,1
DA:540,1
DA:541,1
DA:542,1
DA:543,1
DA:544,1
DA:545,1
DA:546,3
DA:547,3
DA:549,117
DA:550,1
DA:551,1
DA:552,1
DA:553,1
DA:554,1
DA:555,1
DA:556,1
DA:558,117
DA:559,1
DA:560,1
DA:561,1
DA:562,1
DA:563,1
DA:564,1
DA:565,1
DA:567,117
DA:568,1
DA:569,1
DA:570,0
DA:571,0
DA:572,0
DA:574,1
DA:575,1
DA:581,1
DA:582,1
DA:585,1
DA:586,1
DA:588,1
DA:589,1
DA:590,1
DA:592,1
DA:594,1
DA:595,0
DA:596,0
DA:597,0
DA:598,1
DA:599,1
DA:600,1
DA:601,1
DA:603,0
DA:604,1
DA:606,114
DA:607,114
DA:608,114
DA:609,114
DA:610,114
DA:611,114
DA:613,117
DA:614,187
DA:616,187
DA:617,95
DA:618,95
DA:619,95
DA:622,187
DA:623,0
DA:624,0
DA:627,92
DA:628,92
DA:629,92
DA:631,0
DA:632,187
DA:633,117
DA:634,117
DA:636,117
DA:637,9
DA:638,9
DA:639,9
DA:640,9
DA:641,9
DA:642,9
DA:643,9
DA:644,9
DA:648,117
DA:649,117
DA:650,117
DA:651,117
DA:652,117
DA:653,117
DA:654,117
DA:655,117
DA:657,117
DA:658,117
DA:660,117
DA:661,117
DA:662,117
DA:663,117
DA:664,117
DA:666,117
DA:667,117
DA:668,117
DA:669,117
DA:670,117
DA:671,184
DA:672,184
DA:673,184
DA:674,184
DA:675,184
DA:677,184
DA:678,184
DA:679,184
DA:680,184
DA:681,184
DA:682,184
DA:683,184
DA:684,117
DA:685,117
DA:686,117
DA:687,117
DA:688,117
DA:691,117
DA:692,117
DA:693,72
DA:694,72
DA:695,72
DA:696,72
DA:697,72
DA:698,72
DA:699,72
DA:700,72
DA:701,72
DA:702,72
DA:704,72
DA:706,72
DA:707,72
DA:708,72
DA:710,72
DA:711,72
DA:712,36
DA:713,36
DA:714,36
DA:715,36
DA:716,36
DA:717,36
DA:718,36
DA:720,36
DA:722,36
DA:723,36
DA:725,36
DA:726,70
DA:727,70
DA:728,70
DA:729,70
DA:731,70
DA:732,70
DA:733,70
DA:734,70
DA:735,70
DA:736,70
DA:737,34
DA:739,36
DA:741,70
DA:742,70
DA:744,70
DA:745,34
DA:746,34
DA:747,1
DA:748,1
DA:749,1
DA:750,1
DA:751,1
DA:752,1
DA:753,1
DA:754,1
DA:755,1
DA:757,1
DA:759,1
DA:760,1
DA:762,33
DA:763,33
DA:764,33
DA:765,33
DA:766,2
DA:767,2
DA:768,2
DA:769,2
DA:770,2
DA:771,33
DA:773,33
DA:775,33
DA:776,33
DA:777,33
DA:778,3
DA:779,3
DA:780,3
DA:781,33
DA:783,33
DA:785,33
DA:786,33
DA:787,33
DA:788,33
DA:790,33
DA:792,33
DA:793,33
DA:796,33
DA:797,33
DA:798,2
DA:799,2
DA:800,2
DA:801,2
DA:802,2
DA:803,0
DA:804,0
DA:805,0
DA:806,0
DA:807,0
DA:808,2
DA:810,2
DA:812,2
DA:813,2
DA:815,31
DA:816,61
DA:817,61
DA:818,1
DA:819,1
DA:820,1
DA:821,1
DA:822,1
DA:823,1
DA:824,1
DA:825,1
DA:826,1
DA:827,1
DA:828,1
DA:829,1
DA:830,1
DA:831,1
DA:832,1
DA:833,1
DA:834,1
DA:835,1
DA:836,1
DA:837,1
DA:838,1
DA:839,1
[...]
DA:251,29
DA:252,29
DA:253,29
DA:255,29
DA:256,0
DA:257,0
DA:259,29
DA:260,29
DA:261,29
DA:262,29
DA:263,29
DA:264,29
DA:265,29
DA:266,29
DA:267,29
DA:269,29
DA:270,29
DA:271,13
DA:272,13
DA:273,13
DA:275,13
DA:276,13
DA:277,13
DA:278,13
DA:279,13
DA:280,13
DA:281,13
DA:283,13
DA:284,13
DA:285,13
DA:286,13
DA:287,13
DA:288,13
DA:289,13
DA:290,13
DA:291,13
DA:292,13
DA:293,13
DA:294,13
DA:295,13
DA:296,13
DA:297,13
DA:298,13
DA:299,13
DA:300,13
DA:301,13
DA:302,13
DA:303,13
DA:304,13
DA:306,13
DA:307,13
DA:308,13
DA:309,13
DA:310,13
DA:311,13
DA:312,13
DA:313,13
DA:315,13
DA:316,13
DA:317,13
DA:318,13
DA:319,0
DA:320,0
DA:321,0
DA:323,13
DA:324,13
DA:325,13
DA:326,13
DA:327,1
DA:328,1
DA:329,1
DA:330,1
DA:331,1
DA:333,13
DA:334,13
DA:335,10
DA:337,13
DA:339,13
DA:340,2
DA:342,11
DA:344,13
DA:345,13
DA:346,13
DA:347,13
DA:348,1
DA:349,1
DA:350,1
DA:351,1
DA:352,1
DA:354,13
DA:355,13
DA:356,12
DA:358,13
DA:360,13
DA:361,2
DA:363,11
DA:365,13
DA:366,13
DA:367,13
DA:368,13
DA:369,13
DA:370,13
DA:372,13
DA:373,13
DA:374,13
DA:375,13
DA:377,13
DA:378,13
DA:380,13
DA:381,13
DA:382,13
DA:384,13
DA:385,13
DA:387,13
DA:388,13
DA:389,13
DA:391,13
DA:392,13
DA:393,13
DA:395,13
DA:396,13
DA:397,13
DA:398,13
DA:399,13
DA:400,13
DA:401,13
DA:404,13
DA:405,13
DA:406,13
DA:407,13
DA:408,0
DA:409,0
DA:410,0
DA:411,0
DA:413,0
DA:414,0
DA:415,0
DA:417,13
DA:418,13
DA:419,13
DA:420,29
DA:421,29
DA:422,29
DA:424,29
DA:426,1
LF:339
LH:264
BRDA:21,0,0,26
BRDA:22,1,0,0
BRDA:27,2,0,0
BRDA:29,3,0,0
BRDA:47,4,0,29
BRDA:61,5,0,27
BRDA:222,6,0,28
BRDA:223,7,0,1
BRDA:227,8,0,12
BRDA:231,9,0,17
BRDA:234,10,0,4
BRDA:234,11,0,13
BRDA:235,12,0,1
BRDA:235,13,0,12
BRDA:239,14,0,0
BRDA:255,15,0,0
BRDA:64,16,0,12
BRDA:65,17,0,12
BRDA:66,18,0,1
BRDA:70,19,0,11
BRDA:79,20,0,10
BRDA:81,21,0,1
BRDA:84,22,0,0
BRDA:85,23,0,0
BRDA:87,24,0,9
BRDA:89,25,0,8
BRDA:90,26,0,0
BRDA:97,27,0,3
BRDA:100,28,0,11
BRDA:90,29,0,8
BRDA:109,30,0,10
BRDA:110,31,0,0
BRDA:112,32,0,2
BRDA:112,33,0,8
BRDA:113,34,0,1
BRDA:113,35,0,7
BRDA:111,36,0,10
BRDA:111,37,0,3
BRDA:112,38,0,10
BRDA:113,39,0,8
BRDA:117,40,0,2
BRDA:118,41,0,0
BRDA:123,42,0,0
BRDA:146,43,0,0
BRDA:149,44,0,0
BRDA:171,45,0,0
BRDA:152,46,0,2
BRDA:153,47,0,2
BRDA:167,48,0,0
BRDA:157,49,0,2
BRDA:162,50,0,2
BRDA:201,51,0,1
BRDA:224,52,0,2
BRDA:261,53,0,1
BRDA:270,54,0,13
BRDA:276,55,0,0
BRDA:392,56,0,0
BRDA:397,57,0,0
BRDA:401,58,0,0
BRDA:407,59,0,0
BRDA:309,60,0,13
BRDA:313,61,0,3
BRDA:315,62,0,3
BRDA:316,63,0,3
BRDA:318,64,0,0
BRDA:334,65,0,10
BRDA:339,66,0,2
BRDA:340,67,0,11
BRDA:355,68,0,12
BRDA:360,69,0,2
BRDA:361,70,0,11
BRDA:326,71,0,1
BRDA:347,72,0,1
BRDA:389,73,0,1
BRF:74
BRH:53
end_of_record
TN:
SF:src\pages\vendor\vendorFloorplan.jsx
FN:7,formatDate
FN:33,useFloorplans
FN:36,fetchFloorplans
FN:70,VendorFloorplan
FN:147,onChange
FN:152,onChange
FN:166,onClick
FN:177,onClick
FN:200,onClick
FN:204,onClick
FN:210,onClick
FN:222,onClick
FNF:12
FNH:9
FNDA:23,formatDate
FNDA:24,useFloorplans
FNDA:16,fetchFloorplans
FNDA:24,VendorFloorplan
FNDA:1,onChange
FNDA:1,onChange
FNDA:1,onClick
FNDA:0,onClick
FNDA:0,onClick
FNDA:1,onClick
FNDA:1,onClick
FNDA:0,onClick
DA:1,1
DA:2,1
DA:3,1
DA:4,1
DA:7,23
DA:8,23
DA:11,23
DA:12,23
DA:13,0
DA:14,0
DA:15,23
DA:16,0
DA:17,0
DA:18,0
DA:21,23
DA:22,0
DA:23,0
DA:26,23
DA:27,23
DA:28,23
DA:30,0
DA:31,0
DA:33,1
DA:34,24
DA:35,24
DA:36,16
DA:37,16
DA:39,5
DA:40,5
DA:41,5
DA:42,10
DA:43,10
DA:44,10
DA:45,10
DA:46,10
DA:47,10
DA:48,10
DA:49,10
DA:50,10
DA:51,10
DA:52,10
DA:53,10
DA:54,10
DA:55,0
DA:56,0
DA:57,0
DA:58,0
DA:59,0
DA:60,5
DA:61,5
DA:62,5
DA:63,5
DA:64,16
DA:65,16
DA:66,24
DA:67,24
DA:68,24
DA:70,1
DA:71,24
DA:72,24
DA:73,24
DA:74,24
DA:75,24
DA:76,24
DA:77,24
DA:79,24
DA:82,24
DA:83,6
DA:84,6
DA:85,5
DA:86,5
DA:87,5
DA:88,5
DA:89,5
DA:90,5
DA:91,5
DA:92,5
DA:93,5
DA:94,5
DA:95,5
DA:96,5
DA:97,5
DA:98,5
DA:99,10
DA:100,10
DA:101,10
DA:102,10
DA:103,5
DA:104,5
DA:105,5
DA:106,5
DA:107,0
DA:108,0
DA:109,0
DA:110,0
DA:111,6
DA:112,1
DA:113,1
DA:114,1
DA:115,6
DA:116,6
DA:117,24
DA:119,24
DA:120,24
DA:121,24
DA:122,11
DA:123,10
DA:124,1
DA:125,24
DA:127,24
DA:128,11
DA:129,11
DA:130,11
DA:131,11
DA:133,24
DA:135,12
DA:136,12
DA:137,12
DA:138,12
DA:139,12
DA:140,12
DA:142,12
DA:143,12
DA:144,12
DA:145,12
DA:146,12
DA:147,12
DA:148,12
DA:149,12
DA:150,12
DA:151,12
DA:152,12
DA:153,12
DA:155,12
DA:156,12
DA:157,12
DA:158,12
DA:160,12
DA:161,12
DA:162,12
DA:163,23
DA:164,23
DA:165,23
DA:166,23
DA:168,23
DA:169,23
DA:170,23
DA:171,23
DA:172,13
DA:173,13
DA:174,13
DA:175,13
DA:176,13
DA:177,13
DA:178,0
DA:179,0
DA:180,0
DA:181,13
DA:182,13
DA:183,13
DA:185,10
DA:186,10
DA:187,10
DA:189,23
DA:190,23
DA:191,12
DA:193,0
DA:195,24
DA:197,24
DA:198,1
DA:199,1
DA:200,1
DA:202,1
DA:203,1
DA:204,1
DA:206,1
DA:207,1
DA:208,1
DA:209,1
DA:210,1
DA:211,1
DA:213,1
DA:214,1
DA:216,1
DA:217,1
DA:218,1
DA:219,1
DA:220,1
DA:221,1
DA:222,1
DA:223,0
DA:225,1
DA:227,0
DA:229,1
DA:230,1
DA:231,1
DA:233,24
DA:235,24
DA:237,1
LF:199
LH:175
BRDA:7,0,0,23
BRDA:8,1,0,0
BRDA:12,2,0,0
BRDA:13,3,0,0
BRDA:15,4,0,0
BRDA:21,5,0,0
BRDA:28,6,0,0
BRDA:33,7,0,24
BRDA:35,8,0,16
BRDA:36,9,0,16
BRDA:37,10,0,5
BRDA:37,11,0,11
BRDA:37,12,0,5
BRDA:41,13,0,10
BRDA:54,14,0,0
BRDA:70,15,0,24
BRDA:127,16,0,11
BRDA:131,17,0,13
BRDA:133,18,0,1
BRDA:133,19,0,12
BRDA:191,20,0,0
BRDA:197,21,0,1
BRDA:225,22,0,0
BRDA:82,23,0,6
BRDA:83,24,0,6
BRDA:84,25,0,5
BRDA:96,26,0,0
BRDA:106,27,0,0
BRDA:111,28,0,1
BRDA:98,29,0,10
BRDA:116,30,0,6
BRDA:120,31,0,24
BRDA:121,32,0,11
BRDA:122,33,0,10
BRDA:123,34,0,1
BRDA:147,35,0,1
BRDA:152,36,0,1
BRDA:162,37,0,23
BRDA:171,38,0,13
BRDA:183,39,0,10
BRDA:166,40,0,1
BRDA:204,41,0,1
BRDA:210,42,0,1
BRF:43
BRH:32
end_of_record
TN:
SF:src\pages\vendor\vendorProfile.jsx
FN:7,VendorProfile
FN:30,validateForm
FN:278,handleFocus
FN:457,onClick
FN:479,onClick
FN:487,onClick
FN:501,onClick
FN:502,onClick
FN:505,onClick
FN:619,onClick
FNF:10
FNH:7
FNDA:59,VendorProfile
FNDA:5,validateForm
FNDA:0,handleFocus
FNDA:5,onClick
FNDA:1,onClick
FNDA:1,onClick
FNDA:0,onClick
FNDA:6,onClick
FNDA:0,onClick
FNDA:1,onClick
DA:1,1
DA:2,1
DA:3,1
DA:4,1
DA:5,1
DA:7,1
DA:8,59
DA:9,59
DA:10,59
DA:11,59
DA:12,59
DA:13,59
DA:14,59
DA:15,59
DA:16,59
DA:17,59
DA:18,59
DA:19,59
DA:20,59
DA:21,59
DA:22,59
DA:23,59
DA:24,59
DA:25,59
DA:27,59
DA:30,59
DA:31,5
DA:34,5
DA:35,1
DA:36,5
DA:37,0
DA:38,4
DA:39,1
DA:40,4
DA:41,0
DA:42,0
DA:44,5
DA:45,1
DA:46,5
DA:47,1
DA:48,4
DA:49,0
DA:50,0
DA:53,5
DA:54,5
DA:55,5
DA:56,5
DA:57,5
DA:59,5
DA:60,15
DA:61,0
DA:62,15
DA:63,0
DA:64,0
DA:65,5
DA:67,5
DA:68,0
DA:69,0
DA:71,5
DA:72,5
DA:73,5
DA:75,59
DA:76,17
DA:77,17
DA:78,0
DA:79,0
DA:80,0
DA:81,0
DA:82,17
DA:83,17
DA:84,17
DA:85,17
DA:86,17
DA:87,17
DA:88,17
DA:89,17
DA:90,17
DA:91,17
DA:92,0
DA:93,0
DA:94,0
DA:95,59
DA:97,59
DA:98,18
DA:99,18
DA:100,0
DA:101,0
DA:102,0
DA:103,18
DA:104,18
DA:105,18
DA:106,18
DA:107,18
DA:108,18
DA:109,18
DA:110,18
DA:111,18
DA:112,18
DA:113,17
DA:114,18
DA:115,18
DA:116,1
DA:117,1
DA:118,1
DA:119,59
DA:121,59
DA:122,5
DA:123,2
DA:124,2
DA:126,3
DA:127,5
DA:128,0
DA:129,0
DA:130,0
DA:132,3
DA:133,3
DA:134,3
DA:135,3
DA:136,3
DA:137,3
DA:138,3
DA:139,3
DA:140,3
DA:141,3
DA:142,3
DA:143,3
DA:144,5
DA:145,5
DA:146,5
DA:147,5
DA:149,5
DA:150,2
DA:151,2
DA:152,1
DA:153,1
DA:154,1
DA:155,1
DA:156,1
DA:157,1
DA:159,2
DA:160,2
DA:161,2
DA:162,2
DA:163,2
DA:164,2
DA:165,2
DA:166,2
DA:167,2
DA:168,2
DA:169,2
DA:170,2
DA:171,5
DA:172,1
DA:173,1
DA:174,1
DA:175,5
DA:176,0
DA:177,0
DA:178,0
DA:179,59
DA:181,59
DA:182,1
DA:183,1
DA:184,1
DA:185,1
DA:186,1
DA:187,1
DA:188,1
DA:189,1
DA:190,1
DA:191,1
DA:192,1
DA:193,1
DA:194,59
DA:196,59
DA:197,1
DA:198,1
DA:199,0
DA:200,0
DA:201,0
DA:202,0
DA:203,1
DA:204,0
DA:205,0
DA:206,0
DA:207,0
DA:208,1
DA:209,0
DA:210,0
DA:212,1
DA:213,1
DA:214,1
DA:215,1
DA:216,1
DA:217,1
DA:218,1
DA:219,1
DA:220,1
DA:221,1
DA:222,1
DA:223,1
DA:224,1
DA:225,1
DA:227,1
DA:228,0
DA:229,0
DA:230,0
DA:231,0
DA:232,0
DA:233,0
DA:234,0
DA:235,0
DA:236,0
DA:237,0
DA:239,1
DA:240,1
DA:241,1
DA:242,1
DA:243,0
DA:244,0
DA:245,1
DA:246,1
DA:247,1
DA:248,59
DA:250,59
DA:251,7
DA:254,7
DA:255,0
DA:256,0
DA:258,7
DA:259,59
DA:261,59
DA:262,18
DA:263,18
DA:264,18
DA:265,1
DA:266,1
DA:267,1
DA:268,1
DA:269,17
DA:270,17
DA:271,18
DA:273,18
DA:274,59
DA:276,59
DA:277,18
DA:278,18
DA:279,0
DA:280,0
DA:281,0
DA:282,0
DA:283,18
DA:284,18
DA:285,59
DA:287,59
DA:288,18
DA:289,18
DA:290,18
DA:291,18
DA:292,18
DA:294,18
DA:296,59
DA:297,2
DA:298,2
DA:300,59
DA:301,1
DA:302,1
DA:304,38
DA:305,38
DA:307,38
DA:308,38
DA:309,38
DA:310,38
DA:311,38
DA:312,38
DA:313,38
DA:314,38
DA:316,38
DA:317,38
DA:318,38
DA:321,38
DA:322,38
DA:323,38
DA:324,38
DA:325,38
DA:326,38
DA:327,38
DA:328,38
DA:329,38
DA:330,38
DA:331,59
DA:332,59
DA:333,59
DA:334,59
DA:336,59
DA:337,59
DA:338,59
DA:339,59
DA:340,59
DA:341,59
DA:342,59
DA:343,59
DA:344,59
DA:345,59
DA:346,59
DA:347,59
DA:348,59
DA:350,59
DA:351,59
DA:352,59
DA:353,59
DA:354,59
DA:355,59
DA:356,59
DA:357,59
DA:358,59
DA:359,59
DA:360,59
DA:361,59
DA:362,59
DA:364,59
DA:365,59
DA:366,59
DA:367,59
DA:368,59
DA:369,59
DA:370,59
DA:371,59
DA:372,59
DA:373,59
DA:374,59
DA:375,59
DA:376,59
DA:377,59
DA:380,59
DA:382,59
DA:383,59
DA:384,59
DA:385,59
DA:386,59
DA:387,59
DA:388,59
DA:389,59
DA:390,59
DA:391,59
DA:393,59
DA:394,59
DA:395,59
DA:396,59
DA:397,59
DA:398,37
DA:399,1
DA:401,59
DA:402,59
DA:403,59
DA:404,59
DA:405,59
DA:406,59
DA:407,59
DA:408,59
DA:409,59
DA:410,59
DA:411,59
DA:413,59
DA:414,59
DA:415,59
DA:416,59
DA:417,59
DA:418,59
DA:421,59
DA:422,59
DA:423,59
DA:424,59
DA:425,59
DA:426,59
DA:427,59
DA:428,59
DA:429,59
DA:430,59
DA:431,59
DA:432,59
DA:434,59
DA:435,59
DA:436,59
DA:437,59
DA:438,59
DA:439,59
DA:440,59
DA:442,59
DA:443,59
DA:444,59
DA:445,59
DA:446,59
DA:447,59
DA:448,59
DA:449,59
DA:450,59
DA:451,59
DA:454,59
DA:455,59
DA:456,59
DA:457,59
DA:458,59
DA:459,59
DA:460,59
DA:461,59
DA:462,59
DA:463,59
DA:464,13
DA:465,13
DA:466,13
DA:467,13
DA:468,13
DA:469,13
DA:470,13
DA:471,13
DA:472,13
DA:473,1
DA:475,13
DA:476,13
DA:477,13
DA:478,13
DA:479,13
DA:480,13
DA:481,13
DA:483,13
DA:484,13
DA:485,13
DA:486,13
DA:487,13
DA:488,13
DA:489,13
DA:491,13
DA:492,13
DA:493,13
DA:494,13
DA:495,59
DA:496,59
DA:497,59
DA:500,59
DA:501,19
DA:502,19
DA:503,19
DA:504,19
DA:505,19
DA:506,19
DA:507,19
DA:508,19
DA:509,19
DA:510,19
DA:512,19
DA:514,19
DA:515,19
DA:516,19
DA:517,19
DA:518,19
DA:519,19
DA:520,19
DA:521,19
DA:522,19
DA:523,19
DA:524,19
DA:525,19
DA:526,19
DA:527,19
DA:529,19
DA:530,19
DA:531,19
DA:532,19
DA:533,19
DA:534,19
DA:535,19
DA:536,19
DA:537,19
DA:538,19
DA:539,19
DA:540,19
DA:541,19
DA:542,19
DA:543,19
DA:545,19
DA:546,19
DA:547,19
DA:548,19
DA:549,19
DA:550,19
DA:551,19
DA:552,19
DA:553,19
DA:554,19
DA:555,19
DA:556,19
DA:557,19
DA:558,19
DA:559,19
DA:560,19
DA:563,19
DA:564,19
DA:565,19
DA:566,19
DA:567,19
DA:568,19
DA:569,19
DA:570,19
DA:571,19
DA:572,19
DA:573,19
DA:574,19
DA:575,19
DA:576,19
DA:577,19
DA:578,19
DA:580,19
DA:581,19
DA:582,19
DA:583,19
DA:584,19
DA:585,19
DA:586,19
DA:587,19
DA:588,19
DA:589,19
DA:590,19
DA:591,19
DA:592,19
DA:593,19
DA:594,19
DA:596,19
DA:597,19
DA:598,19
DA:599,19
DA:600,19
DA:601,19
DA:602,19
DA:603,19
DA:604,19
DA:605,19
DA:606,19
DA:607,19
DA:608,19
DA:609,19
DA:610,19
DA:611,19
DA:612,19
DA:613,19
DA:614,19
DA:615,19
DA:616,19
DA:617,19
DA:618,19
DA:619,19
DA:621,19
DA:622,19
DA:623,19
DA:624,19
DA:626,59
DA:628,59
DA:630,1
LF:558
LH:504
BRDA:7,0,0,59
BRDA:287,1,0,18
BRDA:294,2,0,41
BRDA:296,3,0,3
BRDA:296,4,0,2
BRDA:298,5,0,39
BRDA:300,6,0,1
BRDA:302,7,0,38
BRDA:331,8,0,1
BRDA:345,9,0,25
BRDA:359,10,0,1
BRDA:373,11,0,1
BRDA:389,12,0,0
BRDA:390,13,0,1
BRDA:397,14,0,37
BRDA:398,15,0,1
BRDA:415,16,0,1
BRDA:430,17,0,1
BRDA:438,18,0,1
BRDA:446,19,0,1
BRDA:462,20,0,25
BRDA:500,21,0,19
BRDA:504,22,0,3
BRDA:504,23,0,16
BRDA:510,24,0,1
BRDA:523,25,0,2
BRDA:523,26,0,17
BRDA:526,27,0,2
BRDA:537,28,0,2
BRDA:537,29,0,17
BRDA:542,30,0,2
BRDA:553,31,0,0
BRDA:558,32,0,0
BRDA:572,33,0,0
BRDA:577,34,0,0
BRDA:588,35,0,0
BRDA:593,36,0,0
BRDA:603,37,0,0
BRDA:607,38,0,0
BRDA:617,39,0,3
BRDA:617,40,0,16
BRDA:27,41,0,1
BRDA:30,42,0,5
BRDA:34,43,0,1
BRDA:36,44,0,4
BRDA:36,45,0,0
BRDA:38,46,0,1
BRDA:40,47,0,3
BRDA:40,48,0,0
BRDA:44,49,0,1
BRDA:46,50,0,4
BRDA:46,51,0,1
BRDA:48,52,0,3
BRDA:48,53,0,0
BRDA:67,54,0,0
BRDA:59,55,0,15
BRDA:60,56,0,3
BRDA:60,57,0,0
BRDA:62,58,0,3
BRDA:62,59,0,0
BRDA:75,60,0,17
BRDA:77,61,0,0
BRDA:87,62,0,0
BRDA:91,63,0,0
BRDA:97,64,0,18
BRDA:99,65,0,0
BRDA:111,66,0,17
BRDA:112,67,0,0
BRDA:112,68,0,17
BRDA:114,69,0,0
BRDA:115,70,0,1
BRDA:121,71,0,5
BRDA:122,72,0,2
BRDA:124,73,0,3
BRDA:127,74,0,0
BRDA:130,75,0,3
BRDA:144,76,0,1
BRDA:144,77,0,2
BRDA:147,78,0,3
BRDA:149,79,0,2
BRDA:151,80,0,1
BRDA:171,81,0,1
BRDA:173,82,0,0
BRDA:175,83,0,0
BRDA:152,84,0,1
BRDA:153,85,0,1
BRDA:153,86,0,0
BRDA:156,87,0,1
BRDA:181,88,0,1
BRDA:184,89,0,0
BRDA:185,90,0,0
BRDA:186,91,0,0
BRDA:187,92,0,0
BRDA:188,93,0,0
BRDA:189,94,0,0
BRDA:196,95,0,1
BRDA:198,96,0,0
BRDA:203,97,0,0
BRDA:208,98,0,0
BRDA:227,99,0,0
BRDA:242,100,0,0
BRDA:239,101,0,1
BRDA:239,102,0,1
BRDA:250,103,0,7
BRDA:254,104,0,0
BRDA:258,105,0,7
BRDA:261,106,0,18
BRDA:263,107,0,18
BRDA:264,108,0,1
BRDA:268,109,0,17
BRDA:273,110,0,18
BRDA:276,111,0,18
BRDA:284,112,0,18
BRDA:457,113,0,5
BRDA:463,114,0,13
BRDA:466,115,0,0
BRDA:467,116,0,0
BRDA:468,117,0,11
BRDA:469,118,0,11
BRDA:470,119,0,11
BRDA:471,120,0,12
BRDA:472,121,0,1
BRDA:481,122,0,12
BRDA:481,123,0,1
BRDA:488,124,0,12
BRDA:489,125,0,12
BRDA:489,126,0,1
BRDA:491,127,0,1
BRDA:491,128,0,12
BRDA:493,129,0,1
BRDA:479,130,0,1
BRDA:487,131,0,1
BRDA:502,132,0,6
BRDA:619,133,0,1
BRF:134
BRH:95
end_of_record
TN:
SF:src\pages\vendor\vendorProfileEdit.jsx
FN:6,VendorProfileEdit
FN:18,navProfile
FN:22,fetchProfile
FN:48,handleSubmit
FN:64,profilePicBase64
FN:67,reader.onload
FN:71,reader.onerror
FN:119,onChange
FN:130,onChange
FN:139,onChange
FN:148,onChange
FN:157,onChange
FNF:12
FNH:10
FNDA:19,VendorProfileEdit
FNDA:0,navProfile
FNDA:4,fetchProfile
FNDA:3,handleSubmit
FNDA:1,profilePicBase64
FNDA:1,reader.onload
FNDA:0,reader.onerror
FNDA:1,onChange
FNDA:1,onChange
FNDA:1,onChange
FNDA:1,onChange
FNDA:1,onChange
DA:1,1
DA:2,1
DA:3,1
DA:4,1
DA:6,19
DA:7,19
DA:9,19
DA:10,19
DA:11,19
DA:12,19
DA:13,19
DA:14,19
DA:15,19
DA:16,19
DA:18,19
DA:21,19
DA:22,4
DA:23,4
DA:24,4
DA:25,4
DA:26,4
DA:27,4
DA:28,4
DA:29,4
DA:30,4
DA:31,4
DA:32,4
DA:33,4
DA:34,4
DA:35,4
DA:36,4
DA:37,4
DA:38,4
DA:39,0
DA:40,0
DA:41,4
DA:42,4
DA:43,4
DA:44,4
DA:45,4
DA:46,19
DA:48,19
DA:49,3
DA:50,3
DA:51,3
DA:53,3
DA:54,0
DA:55,0
DA:56,0
DA:58,3
DA:60,3
DA:61,3
DA:63,3
DA:64,1
DA:65,1
DA:66,1
DA:67,1
DA:68,1
DA:69,1
DA:70,1
DA:71,1
DA:72,1
DA:73,1
DA:75,3
DA:76,3
DA:77,3
DA:78,3
DA:79,3
DA:80,3
DA:81,3
DA:82,3
DA:83,3
DA:84,3
DA:85,3
DA:86,3
DA:87,3
DA:88,3
DA:89,3
DA:90,3
DA:91,3
DA:93,3
DA:94,3
DA:96,2
DA:97,2
DA:98,3
DA:99,1
DA:100,1
DA:101,1
DA:102,3
DA:104,19
DA:105,19
DA:106,19
DA:107,19
DA:109,19
DA:110,19
DA:111,19
DA:112,19
DA:114,19
DA:115,19
DA:117,19
DA:118,19
DA:119,19
DA:120,19
DA:121,19
DA:122,19
DA:123,19
DA:125,19
DA:127,19
DA:128,19
DA:129,19
DA:130,19
DA:131,19
DA:132,19
DA:134,19
DA:136,19
DA:137,19
DA:138,19
DA:139,19
DA:140,19
DA:141,19
DA:143,19
DA:145,19
DA:146,19
DA:147,19
DA:148,19
DA:149,19
DA:150,19
DA:152,19
DA:154,19
DA:155,19
DA:156,19
DA:157,19
DA:158,19
DA:159,19
DA:161,19
DA:163,19
DA:164,19
DA:165,19
DA:166,19
DA:168,19
LF:140
LH:135
BRDA:6,0,0,19
BRDA:111,1,0,1
BRDA:112,2,0,2
BRDA:21,3,0,4
BRDA:22,4,0,4
BRDA:23,5,0,0
BRDA:32,6,0,0
BRDA:34,7,0,0
BRDA:35,8,0,0
BRDA:36,9,0,0
BRDA:37,10,0,0
BRDA:38,11,0,0
BRDA:48,12,0,3
BRDA:53,13,0,0
BRDA:63,14,0,1
BRDA:94,15,0,1
BRDA:94,16,0,0
BRDA:94,17,0,2
BRDA:98,18,0,1
BRDA:64,19,0,1
BRDA:67,20,0,1
BRDA:119,21,0,1
BRDA:130,22,0,1
BRDA:139,23,0,1
BRDA:148,24,0,1
BRDA:157,25,0,1
BRF:26
BRH:17
end_of_record
TN:
SF:src\pages\vendor\vendorReviews.jsx
FN:7,StarRating
FN:17,VendorReviews
FN:99,fetchReviews
FN:135,handleReply
FN:175,handleDeleteReply
FN:211,formatTime
FN:302,onClick
FN:312,onClick
FN:323,onChange
FN:340,onClick
FN:346,onClick
FNF:11
FNH:8
FNDA:9,StarRating
FNDA:28,VendorReviews
FNDA:12,fetchReviews
FNDA:2,handleReply
FNDA:0,handleDeleteReply
FNDA:9,formatTime
FNDA:1,onClick
FNDA:0,onClick
FNDA:2,onChange
FNDA:2,onClick
FNDA:0,onClick
DA:2,1
DA:3,1
DA:4,1
DA:5,1
DA:7,1
DA:8,9
DA:9,9
DA:10,45
DA:11,1
DA:12,1
DA:13,45
DA:14,9
DA:17,1
DA:18,28
DA:19,28
DA:20,28
DA:21,28
DA:22,28
DA:25,28
DA:26,9
DA:28,9
DA:29,9
DA:32,9
DA:34,0
DA:35,9
DA:37,0
DA:38,9
DA:40,0
DA:41,9
DA:43,9
DA:44,9
DA:46,0
DA:47,0
DA:48,0
DA:49,0
DA:50,0
DA:53,9
DA:54,0
DA:55,0
DA:56,0
DA:59,9
DA:60,9
DA:61,9
DA:62,9
DA:63,9
DA:65,9
DA:66,9
DA:67,9
DA:68,0
DA:69,0
DA:70,0
DA:71,0
DA:72,0
DA:73,0
DA:74,0
DA:75,0
DA:76,0
DA:78,0
DA:79,0
DA:80,0
DA:81,0
DA:82,0
DA:83,0
DA:84,9
DA:85,0
DA:86,0
DA:87,0
DA:88,28
DA:91,28
DA:92,6
DA:93,6
DA:94,6
DA:95,28
DA:98,28
DA:99,12
DA:100,12
DA:102,6
DA:103,6
DA:104,6
DA:106,6
DA:107,6
DA:108,6
DA:109,6
DA:110,6
DA:111,6
DA:112,6
DA:113,6
DA:114,6
DA:116,12
DA:118,4
DA:119,4
DA:121,4
DA:123,12
DA:124,12
DA:125,2
DA:126,2
DA:127,12
DA:128,6
DA:129,6
DA:130,12
DA:132,12
DA:133,28
DA:135,28
DA:136,2
DA:137,2
DA:138,0
DA:139,0
DA:140,0
DA:142,2
DA:143,2
DA:145,2
DA:146,2
DA:147,2
DA:148,2
DA:149,2
DA:150,2
DA:151,2
DA:152,2
DA:153,2
DA:154,2
DA:155,2
DA:157,2
DA:158,0
DA:159,0
DA:160,0
DA:162,2
DA:163,2
DA:164,2
DA:165,2
DA:166,0
DA:167,2
DA:168,2
DA:169,2
DA:170,0
DA:171,0
DA:172,0
DA:173,2
DA:175,28
DA:176,0
DA:177,0
DA:179,0
DA:180,0
DA:182,0
DA:183,0
DA:184,0
DA:185,0
DA:186,0
DA:187,0
DA:188,0
DA:189,0
DA:190,0
DA:191,0
DA:192,0
DA:194,0
DA:195,0
DA:196,0
DA:197,0
DA:199,0
DA:200,0
DA:201,0
DA:202,0
DA:203,0
DA:204,0
DA:205,0
DA:206,0
DA:207,0
DA:208,0
DA:211,28
DA:212,9
DA:213,9
DA:215,28
DA:216,18
DA:217,18
DA:218,18
DA:219,18
DA:222,28
DA:223,28
DA:226,8
DA:227,8
DA:228,8
DA:229,8
DA:230,8
DA:231,8
DA:232,8
DA:233,8
DA:236,8
DA:237,8
DA:238,9
DA:239,9
DA:240,9
DA:241,9
DA:242,8
DA:244,8
DA:245,8
DA:246,8
DA:247,8
DA:248,8
DA:249,8
DA:252,8
DA:253,8
DA:254,8
DA:255,8
DA:256,8
DA:257,8
DA:260,8
DA:263,8
DA:264,8
DA:265,32
DA:266,32
DA:267,32
DA:268,32
DA:269,32
DA:270,32
DA:271,32
DA:272,32
DA:273,32
DA:274,32
DA:275,8
DA:276,8
DA:279,8
DA:280,8
DA:281,9
DA:283,9
DA:285,9
DA:286,9
DA:287,9
DA:288,9
DA:289,9
DA:290,9
DA:291,9
DA:292,9
DA:294,9
DA:296,9
DA:297,3
DA:298,3
DA:299,3
DA:300,3
DA:301,3
DA:302,3
DA:303,1
DA:304,1
DA:305,1
DA:306,1
DA:307,1
DA:309,3
DA:311,3
DA:312,3
DA:313,3
DA:314,3
DA:317,9
DA:318,6
DA:319,6
DA:320,6
DA:321,6
DA:322,6
DA:323,6
DA:324,2
DA:325,2
DA:326,2
DA:327,2
DA:328,2
DA:329,2
DA:330,2
DA:331,2
DA:332,2
DA:333,0
DA:334,2
DA:335,2
DA:337,6
DA:338,6
DA:339,6
DA:340,6
DA:341,6
DA:342,6
DA:344,6
DA:345,6
DA:346,6
DA:347,0
DA:348,0
DA:349,0
DA:350,0
DA:351,0
DA:353,6
DA:355,6
DA:356,6
DA:357,6
DA:359,9
DA:361,8
DA:362,8
DA:363,8
DA:365,8
DA:367,1
LF:292
LH:218
BRDA:7,0,0,9
BRDA:9,1,0,45
BRDA:10,2,0,44
BRDA:10,3,0,1
BRDA:11,4,0,0
BRDA:17,5,0,28
BRDA:215,6,0,18
BRDA:219,7,0,10
BRDA:222,8,0,1
BRDA:222,9,0,9
BRDA:223,10,0,1
BRDA:223,11,0,8
BRDA:25,12,0,9
BRDA:26,13,0,0
BRDA:32,14,0,0
BRDA:32,15,0,0
BRDA:35,16,0,0
BRDA:35,17,0,0
BRDA:38,18,0,0
BRDA:38,19,0,0
BRDA:44,20,0,0
BRDA:53,21,0,0
BRDA:67,22,0,0
BRDA:84,23,0,0
BRDA:91,24,0,6
BRDA:98,25,0,12
BRDA:99,26,0,12
BRDA:100,27,0,6
BRDA:116,28,0,1
BRDA:116,29,0,4
BRDA:123,30,0,0
BRDA:124,31,0,2
BRDA:127,32,0,6
BRDA:135,33,0,2
BRDA:136,34,0,0
BRDA:137,35,0,0
BRDA:157,36,0,0
BRDA:169,37,0,0
BRDA:162,38,0,2
BRDA:163,39,0,2
BRDA:165,40,0,0
BRDA:211,41,0,9
BRDA:226,42,0,9
BRDA:226,43,0,0
BRDA:229,44,0,9
BRDA:229,45,0,0
BRDA:230,46,0,9
BRDA:230,47,0,0
BRDA:230,48,0,0
BRDA:231,49,0,9
BRDA:231,50,0,0
BRDA:231,51,0,0
BRDA:232,52,0,9
BRDA:232,53,0,0
BRDA:237,54,0,9
BRDA:238,55,0,0
BRDA:264,56,0,32
BRDA:280,57,0,9
BRDA:283,58,0,0
BRDA:296,59,0,6
BRDA:296,60,0,4
BRDA:296,61,0,3
BRDA:317,62,0,6
BRDA:317,63,0,4
BRDA:317,64,0,6
BRDA:322,65,0,3
BRDA:341,66,0,3
BRDA:302,67,0,1
BRDA:303,68,0,1
BRDA:304,69,0,1
BRDA:305,70,0,0
BRDA:323,71,0,2
BRDA:324,72,0,2
BRDA:325,73,0,2
BRDA:331,74,0,0
BRDA:332,75,0,0
BRDA:340,76,0,2
BRF:77
BRH:47
end_of_record
